  Dijkstra.cpp
  Display.cpp
  DistanceMatrixManager.cpp
D:\others\_METU\ceng_metu\third_semester\CENG589 Digital Geometry Processing\term_project\term_project\DistanceMatrixManager.cpp(19,20): warning C4244: 'return': conversion from '_Ty' to 'int', possible loss of data
D:\others\_METU\ceng_metu\third_semester\CENG589 Digital Geometry Processing\term_project\term_project\DistanceMatrixManager.cpp(19,20): warning C4244:         with
D:\others\_METU\ceng_metu\third_semester\CENG589 Digital Geometry Processing\term_project\term_project\DistanceMatrixManager.cpp(19,20): warning C4244:         [
D:\others\_METU\ceng_metu\third_semester\CENG589 Digital Geometry Processing\term_project\term_project\DistanceMatrixManager.cpp(19,20): warning C4244:             _Ty=float
D:\others\_METU\ceng_metu\third_semester\CENG589 Digital Geometry Processing\term_project\term_project\DistanceMatrixManager.cpp(19,20): warning C4244:         ]
D:\others\_METU\ceng_metu\third_semester\CENG589 Digital Geometry Processing\term_project\term_project\DistanceMatrixManager.cpp(34,23): warning C4244: 'initializing': conversion from '_Ty' to 'int', possible loss of data
D:\others\_METU\ceng_metu\third_semester\CENG589 Digital Geometry Processing\term_project\term_project\DistanceMatrixManager.cpp(34,23): warning C4244:         with
D:\others\_METU\ceng_metu\third_semester\CENG589 Digital Geometry Processing\term_project\term_project\DistanceMatrixManager.cpp(34,23): warning C4244:         [
D:\others\_METU\ceng_metu\third_semester\CENG589 Digital Geometry Processing\term_project\term_project\DistanceMatrixManager.cpp(34,23): warning C4244:             _Ty=float
D:\others\_METU\ceng_metu\third_semester\CENG589 Digital Geometry Processing\term_project\term_project\DistanceMatrixManager.cpp(34,23): warning C4244:         ]
D:\others\_METU\ceng_metu\third_semester\CENG589 Digital Geometry Processing\term_project\term_project\DistanceMatrixManager.cpp(40,20): warning C4244: 'initializing': conversion from 'float' to 'int', possible loss of data
  Isocurve.cpp
D:\others\_METU\ceng_metu\third_semester\CENG589 Digital Geometry Processing\term_project\term_project\Isocurve.cpp(77,23): warning C4018: '<': signed/unsigned mismatch
D:\others\_METU\ceng_metu\third_semester\CENG589 Digital Geometry Processing\term_project\term_project\Isocurve.cpp(86,21): warning C4018: '<': signed/unsigned mismatch
D:\others\_METU\ceng_metu\third_semester\CENG589 Digital Geometry Processing\term_project\term_project\Isocurve.cpp(176,23): warning C4018: '<': signed/unsigned mismatch
D:\others\_METU\ceng_metu\third_semester\CENG589 Digital Geometry Processing\term_project\term_project\Isocurve.cpp(177,31): warning C4018: '<': signed/unsigned mismatch
D:\others\_METU\ceng_metu\third_semester\CENG589 Digital Geometry Processing\term_project\term_project\Isocurve.cpp(181,36): warning C4244: '=': conversion from 'double' to 'float', possible loss of data
D:\others\_METU\ceng_metu\third_semester\CENG589 Digital Geometry Processing\term_project\term_project\Isocurve.cpp(208,23): warning C4018: '<': signed/unsigned mismatch
D:\others\_METU\ceng_metu\third_semester\CENG589 Digital Geometry Processing\term_project\term_project\Isocurve.cpp(209,31): warning C4018: '<': signed/unsigned mismatch
D:\others\_METU\ceng_metu\third_semester\CENG589 Digital Geometry Processing\term_project\term_project\Isocurve.cpp(214,36): warning C4244: '=': conversion from 'double' to 'float', possible loss of data
D:\others\_METU\ceng_metu\third_semester\CENG589 Digital Geometry Processing\term_project\term_project\Isocurve.cpp(238,23): warning C4018: '<': signed/unsigned mismatch
D:\others\_METU\ceng_metu\third_semester\CENG589 Digital Geometry Processing\term_project\term_project\Isocurve.cpp(239,31): warning C4018: '<': signed/unsigned mismatch
D:\others\_METU\ceng_metu\third_semester\CENG589 Digital Geometry Processing\term_project\term_project\Isocurve.cpp(244,33): warning C4244: '=': conversion from 'double' to 'float', possible loss of data
D:\others\_METU\ceng_metu\third_semester\CENG589 Digital Geometry Processing\term_project\term_project\Isocurve.cpp(285,23): warning C4018: '<': signed/unsigned mismatch
D:\others\_METU\ceng_metu\third_semester\CENG589 Digital Geometry Processing\term_project\term_project\Isocurve.cpp(286,31): warning C4018: '<': signed/unsigned mismatch
D:\others\_METU\ceng_metu\third_semester\CENG589 Digital Geometry Processing\term_project\term_project\Isocurve.cpp(290,33): warning C4244: '=': conversion from 'double' to 'float', possible loss of data
D:\others\_METU\ceng_metu\third_semester\CENG589 Digital Geometry Processing\term_project\term_project\Isocurve.cpp(302,23): warning C4018: '<': signed/unsigned mismatch
D:\others\_METU\ceng_metu\third_semester\CENG589 Digital Geometry Processing\term_project\term_project\Isocurve.cpp(304,29): warning C4244: 'initializing': conversion from 'int' to 'float', possible loss of data
D:\others\_METU\ceng_metu\third_semester\CENG589 Digital Geometry Processing\term_project\term_project\Isocurve.cpp(312,23): warning C4018: '<': signed/unsigned mismatch
D:\others\_METU\ceng_metu\third_semester\CENG589 Digital Geometry Processing\term_project\term_project\Isocurve.cpp(313,31): warning C4018: '<': signed/unsigned mismatch
D:\others\_METU\ceng_metu\third_semester\CENG589 Digital Geometry Processing\term_project\term_project\Isocurve.cpp(317,27): warning C4244: 'initializing': conversion from 'int' to 'float', possible loss of data
D:\others\_METU\ceng_metu\third_semester\CENG589 Digital Geometry Processing\term_project\term_project\Isocurve.cpp(361,23): warning C4018: '<': signed/unsigned mismatch
D:\others\_METU\ceng_metu\third_semester\CENG589 Digital Geometry Processing\term_project\term_project\Isocurve.cpp(365,27): warning C4018: '<': signed/unsigned mismatch
D:\others\_METU\ceng_metu\third_semester\CENG589 Digital Geometry Processing\term_project\term_project\Isocurve.cpp(401,27): warning C4018: '<': signed/unsigned mismatch
D:\others\_METU\ceng_metu\third_semester\CENG589 Digital Geometry Processing\term_project\term_project\Isocurve.cpp(489,23): warning C4018: '<': signed/unsigned mismatch
D:\others\_METU\ceng_metu\third_semester\CENG589 Digital Geometry Processing\term_project\term_project\Isocurve.cpp(523,27): warning C4018: '<': signed/unsigned mismatch
D:\others\_METU\ceng_metu\third_semester\CENG589 Digital Geometry Processing\term_project\term_project\Isocurve.cpp(627,18): warning C4305: 'initializing': truncation from 'double' to 'float'
D:\others\_METU\ceng_metu\third_semester\CENG589 Digital Geometry Processing\term_project\term_project\Isocurve.cpp(627,38): warning C4305: '+=': truncation from 'double' to 'float'
D:\others\_METU\ceng_metu\third_semester\CENG589 Digital Geometry Processing\term_project\term_project\Isocurve.cpp(633,23): warning C4018: '<': signed/unsigned mismatch
D:\others\_METU\ceng_metu\third_semester\CENG589 Digital Geometry Processing\term_project\term_project\Isocurve.cpp(638,27): warning C4018: '<': signed/unsigned mismatch
D:\others\_METU\ceng_metu\third_semester\CENG589 Digital Geometry Processing\term_project\term_project\Isocurve.cpp(652,23): warning C4018: '<': signed/unsigned mismatch
D:\others\_METU\ceng_metu\third_semester\CENG589 Digital Geometry Processing\term_project\term_project\Isocurve.cpp(660,18): warning C4018: '<': signed/unsigned mismatch
D:\others\_METU\ceng_metu\third_semester\CENG589 Digital Geometry Processing\term_project\term_project\Isocurve.cpp(689,23): warning C4018: '<': signed/unsigned mismatch
D:\others\_METU\ceng_metu\third_semester\CENG589 Digital Geometry Processing\term_project\term_project\Isocurve.cpp(801,20): warning C4244: 'initializing': conversion from 'int' to 'float', possible loss of data
D:\others\_METU\ceng_metu\third_semester\CENG589 Digital Geometry Processing\term_project\term_project\Isocurve.cpp(811,23): warning C4018: '<': signed/unsigned mismatch
D:\others\_METU\ceng_metu\third_semester\CENG589 Digital Geometry Processing\term_project\term_project\Isocurve.cpp(815,27): warning C4018: '<': signed/unsigned mismatch
D:\others\_METU\ceng_metu\third_semester\CENG589 Digital Geometry Processing\term_project\term_project\Isocurve.cpp(822,31): warning C4018: '<': signed/unsigned mismatch
D:\others\_METU\ceng_metu\third_semester\CENG589 Digital Geometry Processing\term_project\term_project\Isocurve.cpp(837,34): warning C4244: 'initializing': conversion from 'double' to 'float', possible loss of data
D:\others\_METU\ceng_metu\third_semester\CENG589 Digital Geometry Processing\term_project\term_project\Isocurve.cpp(893,22): warning C4018: '<': signed/unsigned mismatch
D:\others\_METU\ceng_metu\third_semester\CENG589 Digital Geometry Processing\term_project\term_project\Isocurve.cpp(897,27): warning C4018: '<': signed/unsigned mismatch
D:\others\_METU\ceng_metu\third_semester\CENG589 Digital Geometry Processing\term_project\term_project\Isocurve.cpp(915,23): warning C4018: '<': signed/unsigned mismatch
D:\others\_METU\ceng_metu\third_semester\CENG589 Digital Geometry Processing\term_project\term_project\Isocurve.cpp(924,31): warning C4018: '<': signed/unsigned mismatch
D:\others\_METU\ceng_metu\third_semester\CENG589 Digital Geometry Processing\term_project\term_project\Isocurve.cpp(961,23): warning C4018: '<': signed/unsigned mismatch
D:\others\_METU\ceng_metu\third_semester\CENG589 Digital Geometry Processing\term_project\term_project\Isocurve.cpp(963,27): warning C4018: '<': signed/unsigned mismatch
D:\others\_METU\ceng_metu\third_semester\CENG589 Digital Geometry Processing\term_project\term_project\Isocurve.cpp(967,35): warning C4018: '<': signed/unsigned mismatch
D:\others\_METU\ceng_metu\third_semester\CENG589 Digital Geometry Processing\term_project\term_project\Isocurve.cpp(1000,22): warning C4244: 'initializing': conversion from 'float' to 'int', possible loss of data
D:\others\_METU\ceng_metu\third_semester\CENG589 Digital Geometry Processing\term_project\term_project\Isocurve.cpp(1006,38): warning C4244: '=': conversion from 'double' to 'int', possible loss of data
D:\others\_METU\ceng_metu\third_semester\CENG589 Digital Geometry Processing\term_project\term_project\Isocurve.cpp(1010,38): warning C4244: '=': conversion from 'double' to 'int', possible loss of data
  main.cpp
  Mesh.cpp
D:\others\_METU\ceng_metu\third_semester\CENG589 Digital Geometry Processing\term_project\term_project\Mesh.cpp(49,20): warning C4018: '<': signed/unsigned mismatch
D:\others\_METU\ceng_metu\third_semester\CENG589 Digital Geometry Processing\term_project\term_project\Mesh.cpp(51,20): warning C4018: '<': signed/unsigned mismatch
D:\others\_METU\ceng_metu\third_semester\CENG589 Digital Geometry Processing\term_project\term_project\Mesh.cpp(135,20): warning C4018: '<': signed/unsigned mismatch
D:\others\_METU\ceng_metu\third_semester\CENG589 Digital Geometry Processing\term_project\term_project\Mesh.cpp(168,7): warning C4244: 'return': conversion from 'double' to 'float', possible loss of data
  Painter.cpp
D:\others\_METU\ceng_metu\third_semester\CENG589 Digital Geometry Processing\term_project\term_project\Painter.cpp(14,23): warning C4244: 'argument': conversion from 'int' to 'const float', possible loss of data
D:\others\_METU\ceng_metu\third_semester\CENG589 Digital Geometry Processing\term_project\term_project\Painter.cpp(14,20): warning C4244: 'argument': conversion from 'int' to 'const float', possible loss of data
D:\others\_METU\ceng_metu\third_semester\CENG589 Digital Geometry Processing\term_project\term_project\Painter.cpp(14,17): warning C4244: 'argument': conversion from 'int' to 'const float', possible loss of data
D:\others\_METU\ceng_metu\third_semester\CENG589 Digital Geometry Processing\term_project\term_project\Painter.cpp(90,23): warning C4305: 'argument': truncation from 'double' to 'float'
D:\others\_METU\ceng_metu\third_semester\CENG589 Digital Geometry Processing\term_project\term_project\Painter.cpp(102,20): warning C4018: '<': signed/unsigned mismatch
D:\others\_METU\ceng_metu\third_semester\CENG589 Digital Geometry Processing\term_project\term_project\Painter.cpp(105,20): warning C4018: '<': signed/unsigned mismatch
D:\others\_METU\ceng_metu\third_semester\CENG589 Digital Geometry Processing\term_project\term_project\Painter.cpp(124,20): warning C4018: '<': signed/unsigned mismatch
D:\others\_METU\ceng_metu\third_semester\CENG589 Digital Geometry Processing\term_project\term_project\Painter.cpp(190,22): warning C4018: '<': signed/unsigned mismatch
D:\others\_METU\ceng_metu\third_semester\CENG589 Digital Geometry Processing\term_project\term_project\Painter.cpp(220,22): warning C4018: '<': signed/unsigned mismatch
  Sampling.cpp
D:\others\_METU\ceng_metu\third_semester\CENG589 Digital Geometry Processing\term_project\term_project\Sampling.cpp(76,20): warning C4018: '<': signed/unsigned mismatch
  Generating Code...
D:\others\_METU\ceng_metu\third_semester\CENG589 Digital Geometry Processing\term_project\term_project\Isocurve.cpp(482,1): warning C4715: 'Isocurve::createHarmonicIsocurves': not all control paths return a value
Display.obj : error LNK2019: unresolved external symbol "__declspec(dllimport) public: __thiscall SbVec2s::SbVec2s(short,short)" (__imp_??0SbVec2s@@QAE@FF@Z) referenced in function "public: void __thiscall Display::displayMesh(void)" (?displayMesh@Display@@QAEXXZ)
Display.obj : error LNK2019: unresolved external symbol "__declspec(dllimport) public: static struct HWND__ * __cdecl SoWin::init(char const *,char const *)" (__imp_?init@SoWin@@SAPAUHWND__@@PBD0@Z) referenced in function "public: __thiscall Display::Display(char *,char *)" (??0Display@@QAE@PAD0@Z)
Display.obj : error LNK2019: unresolved external symbol "__declspec(dllimport) public: static void __cdecl SoWin::mainLoop(void)" (__imp_?mainLoop@SoWin@@SAXXZ) referenced in function "public: void __thiscall Display::displayMesh(void)" (?displayMesh@Display@@QAEXXZ)
Display.obj : error LNK2019: unresolved external symbol "__declspec(dllimport) public: static void __cdecl SoWin::exitMainLoop(void)" (__imp_?exitMainLoop@SoWin@@SAXXZ) referenced in function "public: void __thiscall Display::displayMesh(void)" (?displayMesh@Display@@QAEXXZ)
Display.obj : error LNK2019: unresolved external symbol "__declspec(dllimport) public: static void __cdecl SoWin::show(struct HWND__ * const)" (__imp_?show@SoWin@@SAXQAUHWND__@@@Z) referenced in function "public: void __thiscall Display::displayMesh(void)" (?displayMesh@Display@@QAEXXZ)
Display.obj : error LNK2019: unresolved external symbol "__declspec(dllimport) public: void __thiscall SoBase::ref(void)const " (__imp_?ref@SoBase@@QBEXXZ) referenced in function "public: __thiscall Display::Display(char *,char *)" (??0Display@@QAE@PAD0@Z)
Display.obj : error LNK2019: unresolved external symbol "__declspec(dllimport) public: void __thiscall SoBase::unref(void)const " (__imp_?unref@SoBase@@QBEXXZ) referenced in function "public: void __thiscall Display::displayMesh(void)" (?displayMesh@Display@@QAEXXZ)
Display.obj : error LNK2019: unresolved external symbol "__declspec(dllimport) public: void __thiscall SoWinComponent::setSize(class SbVec2s)" (__imp_?setSize@SoWinComponent@@QAEXVSbVec2s@@@Z) referenced in function "public: void __thiscall Display::displayMesh(void)" (?displayMesh@Display@@QAEXXZ)
Display.obj : error LNK2019: unresolved external symbol "__declspec(dllimport) public: __thiscall SoWinExaminerViewer::SoWinExaminerViewer(struct HWND__ *,char const *,int,enum SoWinFullViewer::BuildFlag,enum SoWinViewer::Type)" (__imp_??0SoWinExaminerViewer@@QAE@PAUHWND__@@PBDHW4BuildFlag@SoWinFullViewer@@W4Type@SoWinViewer@@@Z) referenced in function "public: __thiscall Display::Display(char *,char *)" (??0Display@@QAE@PAD0@Z)
Display.obj : error LNK2019: unresolved external symbol "__declspec(dllimport) public: virtual __thiscall SoWinExaminerViewer::~SoWinExaminerViewer(void)" (__imp_??1SoWinExaminerViewer@@UAE@XZ) referenced in function "public: virtual void * __thiscall SoWinExaminerViewer::`scalar deleting destructor'(unsigned int)" (??_GSoWinExaminerViewer@@UAEPAXI@Z)
Display.obj : error LNK2019: unresolved external symbol "__declspec(dllimport) public: __thiscall SoSeparator::SoSeparator(void)" (__imp_??0SoSeparator@@QAE@XZ) referenced in function "public: __thiscall Display::Display(char *,char *)" (??0Display@@QAE@PAD0@Z)
Painter.obj : error LNK2001: unresolved external symbol "__declspec(dllimport) public: __thiscall SoSeparator::SoSeparator(void)" (__imp_??0SoSeparator@@QAE@XZ)
Display.obj : error LNK2019: unresolved external symbol "__declspec(dllimport) protected: virtual __thiscall SoSeparator::~SoSeparator(void)" (__imp_??1SoSeparator@@MAE@XZ) referenced in function "protected: virtual void * __thiscall SoSeparator::`scalar deleting destructor'(unsigned int)" (??_GSoSeparator@@MAEPAXI@Z)
Painter.obj : error LNK2001: unresolved external symbol "__declspec(dllimport) protected: virtual __thiscall SoSeparator::~SoSeparator(void)" (__imp_??1SoSeparator@@MAE@XZ)
Display.obj : error LNK2001: unresolved external symbol "public: virtual class SoType __thiscall SoWinExaminerViewer::getTypeId(void)const " (?getTypeId@SoWinExaminerViewer@@UBE?AVSoType@@XZ)
Display.obj : error LNK2001: unresolved external symbol "public: virtual void __thiscall SoWinExaminerViewer::setViewing(int)" (?setViewing@SoWinExaminerViewer@@UAEXH@Z)
Display.obj : error LNK2001: unresolved external symbol "public: virtual void __thiscall SoWinExaminerViewer::setCamera(class SoCamera *)" (?setCamera@SoWinExaminerViewer@@UAEXPAVSoCamera@@@Z)
Display.obj : error LNK2001: unresolved external symbol "public: virtual void __thiscall SoWinExaminerViewer::setCursorEnabled(int)" (?setCursorEnabled@SoWinExaminerViewer@@UAEXH@Z)
Display.obj : error LNK2001: unresolved external symbol "protected: virtual void __thiscall SoWinExaminerViewer::leftWheelMotion(float)" (?leftWheelMotion@SoWinExaminerViewer@@MAEXM@Z)
Display.obj : error LNK2001: unresolved external symbol "protected: virtual void __thiscall SoWinExaminerViewer::bottomWheelMotion(float)" (?bottomWheelMotion@SoWinExaminerViewer@@MAEXM@Z)
Display.obj : error LNK2001: unresolved external symbol "protected: virtual void __thiscall SoWinExaminerViewer::rightWheelMotion(float)" (?rightWheelMotion@SoWinExaminerViewer@@MAEXM@Z)
Display.obj : error LNK2001: unresolved external symbol "protected: virtual void __thiscall SoWinExaminerViewer::createViewerButtons(struct HWND__ *,class SbPList *)" (?createViewerButtons@SoWinExaminerViewer@@MAEXPAUHWND__@@PAVSbPList@@@Z)
Display.obj : error LNK2001: unresolved external symbol "protected: virtual char const * __thiscall SoWinExaminerViewer::getDefaultWidgetName(void)const " (?getDefaultWidgetName@SoWinExaminerViewer@@MBEPBDXZ)
Display.obj : error LNK2001: unresolved external symbol "protected: virtual char const * __thiscall SoWinExaminerViewer::getDefaultTitle(void)const " (?getDefaultTitle@SoWinExaminerViewer@@MBEPBDXZ)
Display.obj : error LNK2001: unresolved external symbol "protected: virtual char const * __thiscall SoWinExaminerViewer::getDefaultIconTitle(void)const " (?getDefaultIconTitle@SoWinExaminerViewer@@MBEPBDXZ)
Display.obj : error LNK2001: unresolved external symbol "protected: virtual int __thiscall SoWinExaminerViewer::processSoEvent(class SoEvent const * const)" (?processSoEvent@SoWinExaminerViewer@@MAEHQBVSoEvent@@@Z)
Display.obj : error LNK2001: unresolved external symbol "protected: virtual void __thiscall SoWinExaminerViewer::setSeekMode(int)" (?setSeekMode@SoWinExaminerViewer@@MAEXH@Z)
Display.obj : error LNK2001: unresolved external symbol "protected: virtual void __thiscall SoWinExaminerViewer::actualRedraw(void)" (?actualRedraw@SoWinExaminerViewer@@MAEXXZ)
Display.obj : error LNK2001: unresolved external symbol "protected: virtual void __thiscall SoWinExaminerViewer::afterRealizeHook(void)" (?afterRealizeHook@SoWinExaminerViewer@@MAEXXZ)
Display.obj : error LNK2001: unresolved external symbol "public: virtual class SbName __thiscall SoBase::getName(void)const " (?getName@SoBase@@UBE?AVSbName@@XZ)
Painter.obj : error LNK2001: unresolved external symbol "public: virtual class SbName __thiscall SoBase::getName(void)const " (?getName@SoBase@@UBE?AVSbName@@XZ)
Display.obj : error LNK2001: unresolved external symbol "public: virtual void __thiscall SoBase::setName(class SbName const &)" (?setName@SoBase@@UAEXABVSbName@@@Z)
Painter.obj : error LNK2001: unresolved external symbol "public: virtual void __thiscall SoBase::setName(class SbName const &)" (?setName@SoBase@@UAEXABVSbName@@@Z)
Display.obj : error LNK2001: unresolved external symbol "protected: virtual void __thiscall SoBase::destroy(void)" (?destroy@SoBase@@MAEXXZ)
Painter.obj : error LNK2001: unresolved external symbol "protected: virtual void __thiscall SoBase::destroy(void)" (?destroy@SoBase@@MAEXXZ)
Display.obj : error LNK2001: unresolved external symbol "protected: virtual char const * __thiscall SoBase::getFileFormatName(void)const " (?getFileFormatName@SoBase@@MBEPBDXZ)
Painter.obj : error LNK2001: unresolved external symbol "protected: virtual char const * __thiscall SoBase::getFileFormatName(void)const " (?getFileFormatName@SoBase@@MBEPBDXZ)
Display.obj : error LNK2001: unresolved external symbol "public: virtual void __thiscall SoWinComponent::show(void)" (?show@SoWinComponent@@UAEXXZ)
Display.obj : error LNK2001: unresolved external symbol "public: virtual void __thiscall SoWinComponent::hide(void)" (?hide@SoWinComponent@@UAEXXZ)
Display.obj : error LNK2001: unresolved external symbol "public: virtual class SoType __thiscall SoSeparator::getTypeId(void)const " (?getTypeId@SoSeparator@@UBE?AVSoType@@XZ)
Painter.obj : error LNK2001: unresolved external symbol "public: virtual class SoType __thiscall SoSeparator::getTypeId(void)const " (?getTypeId@SoSeparator@@UBE?AVSoType@@XZ)
Display.obj : error LNK2001: unresolved external symbol "protected: virtual class SoFieldData const * __thiscall SoSeparator::getFieldData(void)const " (?getFieldData@SoSeparator@@MBEPBVSoFieldData@@XZ)
Painter.obj : error LNK2001: unresolved external symbol "protected: virtual class SoFieldData const * __thiscall SoSeparator::getFieldData(void)const " (?getFieldData@SoSeparator@@MBEPBVSoFieldData@@XZ)
Display.obj : error LNK2001: unresolved external symbol "public: virtual void __thiscall SoSeparator::doAction(class SoAction *)" (?doAction@SoSeparator@@UAEXPAVSoAction@@@Z)
Painter.obj : error LNK2001: unresolved external symbol "public: virtual void __thiscall SoSeparator::doAction(class SoAction *)" (?doAction@SoSeparator@@UAEXPAVSoAction@@@Z)
Display.obj : error LNK2001: unresolved external symbol "public: virtual void __thiscall SoSeparator::GLRender(class SoGLRenderAction *)" (?GLRender@SoSeparator@@UAEXPAVSoGLRenderAction@@@Z)
Painter.obj : error LNK2001: unresolved external symbol "public: virtual void __thiscall SoSeparator::GLRender(class SoGLRenderAction *)" (?GLRender@SoSeparator@@UAEXPAVSoGLRenderAction@@@Z)
Display.obj : error LNK2001: unresolved external symbol "public: virtual void __thiscall SoSeparator::GLRenderBelowPath(class SoGLRenderAction *)" (?GLRenderBelowPath@SoSeparator@@UAEXPAVSoGLRenderAction@@@Z)
Painter.obj : error LNK2001: unresolved external symbol "public: virtual void __thiscall SoSeparator::GLRenderBelowPath(class SoGLRenderAction *)" (?GLRenderBelowPath@SoSeparator@@UAEXPAVSoGLRenderAction@@@Z)
Display.obj : error LNK2001: unresolved external symbol "public: virtual void __thiscall SoSeparator::GLRenderInPath(class SoGLRenderAction *)" (?GLRenderInPath@SoSeparator@@UAEXPAVSoGLRenderAction@@@Z)
Painter.obj : error LNK2001: unresolved external symbol "public: virtual void __thiscall SoSeparator::GLRenderInPath(class SoGLRenderAction *)" (?GLRenderInPath@SoSeparator@@UAEXPAVSoGLRenderAction@@@Z)
Display.obj : error LNK2001: unresolved external symbol "public: virtual void __thiscall SoSeparator::GLRenderOffPath(class SoGLRenderAction *)" (?GLRenderOffPath@SoSeparator@@UAEXPAVSoGLRenderAction@@@Z)
Painter.obj : error LNK2001: unresolved external symbol "public: virtual void __thiscall SoSeparator::GLRenderOffPath(class SoGLRenderAction *)" (?GLRenderOffPath@SoSeparator@@UAEXPAVSoGLRenderAction@@@Z)
Display.obj : error LNK2001: unresolved external symbol "public: virtual void __thiscall SoSeparator::callback(class SoCallbackAction *)" (?callback@SoSeparator@@UAEXPAVSoCallbackAction@@@Z)
Painter.obj : error LNK2001: unresolved external symbol "public: virtual void __thiscall SoSeparator::callback(class SoCallbackAction *)" (?callback@SoSeparator@@UAEXPAVSoCallbackAction@@@Z)
Display.obj : error LNK2001: unresolved external symbol "public: virtual void __thiscall SoSeparator::getBoundingBox(class SoGetBoundingBoxAction *)" (?getBoundingBox@SoSeparator@@UAEXPAVSoGetBoundingBoxAction@@@Z)
Painter.obj : error LNK2001: unresolved external symbol "public: virtual void __thiscall SoSeparator::getBoundingBox(class SoGetBoundingBoxAction *)" (?getBoundingBox@SoSeparator@@UAEXPAVSoGetBoundingBoxAction@@@Z)
Display.obj : error LNK2001: unresolved external symbol "public: virtual void __thiscall SoSeparator::getMatrix(class SoGetMatrixAction *)" (?getMatrix@SoSeparator@@UAEXPAVSoGetMatrixAction@@@Z)
Painter.obj : error LNK2001: unresolved external symbol "public: virtual void __thiscall SoSeparator::getMatrix(class SoGetMatrixAction *)" (?getMatrix@SoSeparator@@UAEXPAVSoGetMatrixAction@@@Z)
Display.obj : error LNK2001: unresolved external symbol "public: virtual void __thiscall SoSeparator::handleEvent(class SoHandleEventAction *)" (?handleEvent@SoSeparator@@UAEXPAVSoHandleEventAction@@@Z)
Painter.obj : error LNK2001: unresolved external symbol "public: virtual void __thiscall SoSeparator::handleEvent(class SoHandleEventAction *)" (?handleEvent@SoSeparator@@UAEXPAVSoHandleEventAction@@@Z)
Display.obj : error LNK2001: unresolved external symbol "public: virtual void __thiscall SoSeparator::rayPick(class SoRayPickAction *)" (?rayPick@SoSeparator@@UAEXPAVSoRayPickAction@@@Z)
Painter.obj : error LNK2001: unresolved external symbol "public: virtual void __thiscall SoSeparator::rayPick(class SoRayPickAction *)" (?rayPick@SoSeparator@@UAEXPAVSoRayPickAction@@@Z)
Display.obj : error LNK2001: unresolved external symbol "public: virtual void __thiscall SoSeparator::search(class SoSearchAction *)" (?search@SoSeparator@@UAEXPAVSoSearchAction@@@Z)
Painter.obj : error LNK2001: unresolved external symbol "public: virtual void __thiscall SoSeparator::search(class SoSearchAction *)" (?search@SoSeparator@@UAEXPAVSoSearchAction@@@Z)
Display.obj : error LNK2001: unresolved external symbol "public: virtual void __thiscall SoSeparator::getPrimitiveCount(class SoGetPrimitiveCountAction *)" (?getPrimitiveCount@SoSeparator@@UAEXPAVSoGetPrimitiveCountAction@@@Z)
Painter.obj : error LNK2001: unresolved external symbol "public: virtual void __thiscall SoSeparator::getPrimitiveCount(class SoGetPrimitiveCountAction *)" (?getPrimitiveCount@SoSeparator@@UAEXPAVSoGetPrimitiveCountAction@@@Z)
Display.obj : error LNK2001: unresolved external symbol "public: virtual void __thiscall SoSeparator::audioRender(class SoAudioRenderAction *)" (?audioRender@SoSeparator@@UAEXPAVSoAudioRenderAction@@@Z)
Painter.obj : error LNK2001: unresolved external symbol "public: virtual void __thiscall SoSeparator::audioRender(class SoAudioRenderAction *)" (?audioRender@SoSeparator@@UAEXPAVSoAudioRenderAction@@@Z)
Display.obj : error LNK2001: unresolved external symbol "public: virtual void __thiscall SoSeparator::notify(class SoNotList *)" (?notify@SoSeparator@@UAEXPAVSoNotList@@@Z)
Painter.obj : error LNK2001: unresolved external symbol "public: virtual void __thiscall SoSeparator::notify(class SoNotList *)" (?notify@SoSeparator@@UAEXPAVSoNotList@@@Z)
Display.obj : error LNK2001: unresolved external symbol "public: virtual int __thiscall SoSeparator::affectsState(void)const " (?affectsState@SoSeparator@@UBEHXZ)
Painter.obj : error LNK2001: unresolved external symbol "public: virtual int __thiscall SoSeparator::affectsState(void)const " (?affectsState@SoSeparator@@UBEHXZ)
Display.obj : error LNK2001: unresolved external symbol "protected: virtual int __thiscall SoSeparator::cullTest(class SoGLRenderAction *,int &)" (?cullTest@SoSeparator@@MAEHPAVSoGLRenderAction@@AAH@Z)
Painter.obj : error LNK2001: unresolved external symbol "protected: virtual int __thiscall SoSeparator::cullTest(class SoGLRenderAction *,int &)" (?cullTest@SoSeparator@@MAEHPAVSoGLRenderAction@@AAH@Z)
Display.obj : error LNK2001: unresolved external symbol "protected: virtual int __thiscall SoSeparator::cullTest(class SoState *)" (?cullTest@SoSeparator@@MAEHPAVSoState@@@Z)
Painter.obj : error LNK2001: unresolved external symbol "protected: virtual int __thiscall SoSeparator::cullTest(class SoState *)" (?cullTest@SoSeparator@@MAEHPAVSoState@@@Z)
Display.obj : error LNK2001: unresolved external symbol "protected: virtual int __thiscall SoSeparator::readInstance(class SoInput *,unsigned short)" (?readInstance@SoSeparator@@MAEHPAVSoInput@@G@Z)
Painter.obj : error LNK2001: unresolved external symbol "protected: virtual int __thiscall SoSeparator::readInstance(class SoInput *,unsigned short)" (?readInstance@SoSeparator@@MAEHPAVSoInput@@G@Z)
Display.obj : error LNK2001: unresolved external symbol "public: virtual void __thiscall SoGroup::addChild(class SoNode *)" (?addChild@SoGroup@@UAEXPAVSoNode@@@Z)
Painter.obj : error LNK2001: unresolved external symbol "public: virtual void __thiscall SoGroup::addChild(class SoNode *)" (?addChild@SoGroup@@UAEXPAVSoNode@@@Z)
Display.obj : error LNK2001: unresolved external symbol "public: virtual void __thiscall SoGroup::insertChild(class SoNode *,int)" (?insertChild@SoGroup@@UAEXPAVSoNode@@H@Z)
Painter.obj : error LNK2001: unresolved external symbol "public: virtual void __thiscall SoGroup::insertChild(class SoNode *,int)" (?insertChild@SoGroup@@UAEXPAVSoNode@@H@Z)
Display.obj : error LNK2001: unresolved external symbol "public: virtual class SoNode * __thiscall SoGroup::getChild(int)const " (?getChild@SoGroup@@UBEPAVSoNode@@H@Z)
Painter.obj : error LNK2001: unresolved external symbol "public: virtual class SoNode * __thiscall SoGroup::getChild(int)const " (?getChild@SoGroup@@UBEPAVSoNode@@H@Z)
Display.obj : error LNK2001: unresolved external symbol "public: virtual int __thiscall SoGroup::findChild(class SoNode const *)const " (?findChild@SoGroup@@UBEHPBVSoNode@@@Z)
Painter.obj : error LNK2001: unresolved external symbol "public: virtual int __thiscall SoGroup::findChild(class SoNode const *)const " (?findChild@SoGroup@@UBEHPBVSoNode@@@Z)
Display.obj : error LNK2001: unresolved external symbol "public: virtual int __thiscall SoGroup::getNumChildren(void)const " (?getNumChildren@SoGroup@@UBEHXZ)
Painter.obj : error LNK2001: unresolved external symbol "public: virtual int __thiscall SoGroup::getNumChildren(void)const " (?getNumChildren@SoGroup@@UBEHXZ)
Display.obj : error LNK2001: unresolved external symbol "public: virtual void __thiscall SoGroup::removeChild(class SoNode *)" (?removeChild@SoGroup@@UAEXPAVSoNode@@@Z)
Painter.obj : error LNK2001: unresolved external symbol "public: virtual void __thiscall SoGroup::removeChild(class SoNode *)" (?removeChild@SoGroup@@UAEXPAVSoNode@@@Z)
Display.obj : error LNK2001: unresolved external symbol "public: virtual void __thiscall SoGroup::removeChild(int)" (?removeChild@SoGroup@@UAEXH@Z)
Painter.obj : error LNK2001: unresolved external symbol "public: virtual void __thiscall SoGroup::removeChild(int)" (?removeChild@SoGroup@@UAEXH@Z)
Display.obj : error LNK2001: unresolved external symbol "public: virtual void __thiscall SoGroup::removeAllChildren(void)" (?removeAllChildren@SoGroup@@UAEXXZ)
Painter.obj : error LNK2001: unresolved external symbol "public: virtual void __thiscall SoGroup::removeAllChildren(void)" (?removeAllChildren@SoGroup@@UAEXXZ)
Display.obj : error LNK2001: unresolved external symbol "public: virtual void __thiscall SoGroup::replaceChild(class SoNode *,class SoNode *)" (?replaceChild@SoGroup@@UAEXPAVSoNode@@0@Z)
Painter.obj : error LNK2001: unresolved external symbol "public: virtual void __thiscall SoGroup::replaceChild(class SoNode *,class SoNode *)" (?replaceChild@SoGroup@@UAEXPAVSoNode@@0@Z)
Display.obj : error LNK2001: unresolved external symbol "public: virtual void __thiscall SoGroup::replaceChild(int,class SoNode *)" (?replaceChild@SoGroup@@UAEXHPAVSoNode@@@Z)
Painter.obj : error LNK2001: unresolved external symbol "public: virtual void __thiscall SoGroup::replaceChild(int,class SoNode *)" (?replaceChild@SoGroup@@UAEXHPAVSoNode@@@Z)
Display.obj : error LNK2001: unresolved external symbol "public: virtual void __thiscall SoGroup::pick(class SoPickAction *)" (?pick@SoGroup@@UAEXPAVSoPickAction@@@Z)
Painter.obj : error LNK2001: unresolved external symbol "public: virtual void __thiscall SoGroup::pick(class SoPickAction *)" (?pick@SoGroup@@UAEXPAVSoPickAction@@@Z)
Display.obj : error LNK2001: unresolved external symbol "public: virtual void __thiscall SoGroup::write(class SoWriteAction *)" (?write@SoGroup@@UAEXPAVSoWriteAction@@@Z)
Painter.obj : error LNK2001: unresolved external symbol "public: virtual void __thiscall SoGroup::write(class SoWriteAction *)" (?write@SoGroup@@UAEXPAVSoWriteAction@@@Z)
Display.obj : error LNK2001: unresolved external symbol "public: virtual class SoChildList * __thiscall SoGroup::getChildren(void)const " (?getChildren@SoGroup@@UBEPAVSoChildList@@XZ)
Painter.obj : error LNK2001: unresolved external symbol "public: virtual class SoChildList * __thiscall SoGroup::getChildren(void)const " (?getChildren@SoGroup@@UBEPAVSoChildList@@XZ)
Display.obj : error LNK2001: unresolved external symbol "protected: virtual int __thiscall SoGroup::readChildren(class SoInput *)" (?readChildren@SoGroup@@MAEHPAVSoInput@@@Z)
Painter.obj : error LNK2001: unresolved external symbol "protected: virtual int __thiscall SoGroup::readChildren(class SoInput *)" (?readChildren@SoGroup@@MAEHPAVSoInput@@@Z)
Display.obj : error LNK2001: unresolved external symbol "protected: virtual void __thiscall SoGroup::copyContents(class SoFieldContainer const *,int)" (?copyContents@SoGroup@@MAEXPBVSoFieldContainer@@H@Z)
Painter.obj : error LNK2001: unresolved external symbol "protected: virtual void __thiscall SoGroup::copyContents(class SoFieldContainer const *,int)" (?copyContents@SoGroup@@MAEXPBVSoFieldContainer@@H@Z)
Display.obj : error LNK2001: unresolved external symbol "public: virtual class SoNode * __thiscall SoNode::copy(int)const " (?copy@SoNode@@UBEPAV1@H@Z)
Painter.obj : error LNK2001: unresolved external symbol "public: virtual class SoNode * __thiscall SoNode::copy(int)const " (?copy@SoNode@@UBEPAV1@H@Z)
Display.obj : error LNK2001: unresolved external symbol "public: virtual void __thiscall SoNode::grabEventsSetup(void)" (?grabEventsSetup@SoNode@@UAEXXZ)
Painter.obj : error LNK2001: unresolved external symbol "public: virtual void __thiscall SoNode::grabEventsSetup(void)" (?grabEventsSetup@SoNode@@UAEXXZ)
Display.obj : error LNK2001: unresolved external symbol "public: virtual void __thiscall SoNode::grabEventsCleanup(void)" (?grabEventsCleanup@SoNode@@UAEXXZ)
Painter.obj : error LNK2001: unresolved external symbol "public: virtual void __thiscall SoNode::grabEventsCleanup(void)" (?grabEventsCleanup@SoNode@@UAEXXZ)
Display.obj : error LNK2001: unresolved external symbol "public: virtual void __thiscall SoNode::startNotify(void)" (?startNotify@SoNode@@UAEXXZ)
Painter.obj : error LNK2001: unresolved external symbol "public: virtual void __thiscall SoNode::startNotify(void)" (?startNotify@SoNode@@UAEXXZ)
Display.obj : error LNK2001: unresolved external symbol "public: virtual void __thiscall SoNode::writeInstance(class SoOutput *)" (?writeInstance@SoNode@@UAEXPAVSoOutput@@@Z)
Painter.obj : error LNK2001: unresolved external symbol "public: virtual void __thiscall SoNode::writeInstance(class SoOutput *)" (?writeInstance@SoNode@@UAEXPAVSoOutput@@@Z)
Display.obj : error LNK2001: unresolved external symbol "public: virtual class SoNode * __thiscall SoNode::addToCopyDict(void)const " (?addToCopyDict@SoNode@@UBEPAV1@XZ)
Painter.obj : error LNK2001: unresolved external symbol "public: virtual class SoNode * __thiscall SoNode::addToCopyDict(void)const " (?addToCopyDict@SoNode@@UBEPAV1@XZ)
Display.obj : error LNK2001: unresolved external symbol "public: virtual class SoFieldContainer * __thiscall SoNode::copyThroughConnection(void)const " (?copyThroughConnection@SoNode@@UBEPAVSoFieldContainer@@XZ)
Painter.obj : error LNK2001: unresolved external symbol "public: virtual class SoFieldContainer * __thiscall SoNode::copyThroughConnection(void)const " (?copyThroughConnection@SoNode@@UBEPAVSoFieldContainer@@XZ)
Display.obj : error LNK2001: unresolved external symbol "protected: virtual void __thiscall SoWinRenderArea::redraw(void)" (?redraw@SoWinRenderArea@@MAEXXZ)
Display.obj : error LNK2001: unresolved external symbol "protected: virtual void __thiscall SoWinRenderArea::redrawOverlay(void)" (?redrawOverlay@SoWinRenderArea@@MAEXXZ)
Display.obj : error LNK2001: unresolved external symbol "protected: virtual void __thiscall SoWinRenderArea::actualOverlayRedraw(void)" (?actualOverlayRedraw@SoWinRenderArea@@MAEXXZ)
Display.obj : error LNK2001: unresolved external symbol "protected: virtual void __thiscall SoWinRenderArea::processEvent(struct tagMSG *)" (?processEvent@SoWinRenderArea@@MAEXPAUtagMSG@@@Z)
Display.obj : error LNK2001: unresolved external symbol "protected: virtual void __thiscall SoWinRenderArea::initGraphic(void)" (?initGraphic@SoWinRenderArea@@MAEXXZ)
Display.obj : error LNK2001: unresolved external symbol "protected: virtual void __thiscall SoWinRenderArea::initOverlayGraphic(void)" (?initOverlayGraphic@SoWinRenderArea@@MAEXXZ)
Display.obj : error LNK2001: unresolved external symbol "protected: virtual void __thiscall SoWinRenderArea::widgetChanged(struct HWND__ *)" (?widgetChanged@SoWinRenderArea@@MAEXPAUHWND__@@@Z)
Display.obj : error LNK2001: unresolved external symbol "protected: virtual int __thiscall SoWinRenderArea::glScheduleRedraw(void)" (?glScheduleRedraw@SoWinRenderArea@@MAEHXZ)
Display.obj : error LNK2001: unresolved external symbol "public: virtual void __thiscall SoWinViewer::setCameraType(class SoType)" (?setCameraType@SoWinViewer@@UAEXVSoType@@@Z)
Display.obj : error LNK2001: unresolved external symbol "public: virtual void __thiscall SoWinViewer::toggleCameraType(void)" (?toggleCameraType@SoWinViewer@@UAEXXZ)
Display.obj : error LNK2001: unresolved external symbol "public: virtual void __thiscall SoWinViewer::viewAll(void)" (?viewAll@SoWinViewer@@UAEXXZ)
Display.obj : error LNK2001: unresolved external symbol "public: virtual void __thiscall SoWinViewer::saveHomePosition(void)" (?saveHomePosition@SoWinViewer@@UAEXXZ)
Display.obj : error LNK2001: unresolved external symbol "public: virtual void __thiscall SoWinViewer::resetToHomePosition(void)" (?resetToHomePosition@SoWinViewer@@UAEXXZ)
Display.obj : error LNK2001: unresolved external symbol "public: virtual void __thiscall SoWinViewer::setHeadlight(int)" (?setHeadlight@SoWinViewer@@UAEXH@Z)
Display.obj : error LNK2001: unresolved external symbol "public: virtual void __thiscall SoWinViewer::setDrawStyle(enum SoWinViewer::DrawType,enum SoWinViewer::DrawStyle)" (?setDrawStyle@SoWinViewer@@UAEXW4DrawType@1@W4DrawStyle@1@@Z)
Display.obj : error LNK2001: unresolved external symbol "public: virtual void __thiscall SoWinViewer::setBufferingType(enum SoWinViewer::BufferType)" (?setBufferingType@SoWinViewer@@UAEXW4BufferType@1@@Z)
Display.obj : error LNK2001: unresolved external symbol "public: virtual void __thiscall SoWinViewer::setStereoViewing(int)" (?setStereoViewing@SoWinViewer@@UAEXH@Z)
Display.obj : error LNK2001: unresolved external symbol "public: virtual void __thiscall SoWinViewer::setStereoOffset(float)" (?setStereoOffset@SoWinViewer@@UAEXM@Z)
Display.obj : error LNK2001: unresolved external symbol "public: virtual void __thiscall SoWinViewer::setDoubleBuffer(int)" (?setDoubleBuffer@SoWinViewer@@UAEXH@Z)
Display.obj : error LNK2001: unresolved external symbol "public: virtual void __thiscall SoWinViewer::setSceneGraph(class SoNode *)" (?setSceneGraph@SoWinViewer@@UAEXPAVSoNode@@@Z)
Display.obj : error LNK2001: unresolved external symbol "public: virtual class SoNode * __thiscall SoWinViewer::getSceneGraph(void)" (?getSceneGraph@SoWinViewer@@UAEPAVSoNode@@XZ)
Display.obj : error LNK2001: unresolved external symbol "protected: virtual void __thiscall SoWinViewer::computeSeekFinalOrientation(void)" (?computeSeekFinalOrientation@SoWinViewer@@MAEXXZ)
Display.obj : error LNK2001: unresolved external symbol "protected: virtual void __thiscall SoWinViewer::changeCameraValues(class SoCamera *)" (?changeCameraValues@SoWinViewer@@MAEXPAVSoCamera@@@Z)
Display.obj : error LNK2001: unresolved external symbol "public: virtual int __thiscall SoFieldContainer::getFields(class SoFieldList &)const " (?getFields@SoFieldContainer@@UBEHAAVSoFieldList@@@Z)
Painter.obj : error LNK2001: unresolved external symbol "public: virtual int __thiscall SoFieldContainer::getFields(class SoFieldList &)const " (?getFields@SoFieldContainer@@UBEHAAVSoFieldList@@@Z)
Display.obj : error LNK2001: unresolved external symbol "public: virtual int __thiscall SoFieldContainer::getAllFields(class SoFieldList &)const " (?getAllFields@SoFieldContainer@@UBEHAAVSoFieldList@@@Z)
Painter.obj : error LNK2001: unresolved external symbol "public: virtual int __thiscall SoFieldContainer::getAllFields(class SoFieldList &)const " (?getAllFields@SoFieldContainer@@UBEHAAVSoFieldList@@@Z)
Display.obj : error LNK2001: unresolved external symbol "public: virtual class SoField * __thiscall SoFieldContainer::getField(class SbName const &)const " (?getField@SoFieldContainer@@UBEPAVSoField@@ABVSbName@@@Z)
Painter.obj : error LNK2001: unresolved external symbol "public: virtual class SoField * __thiscall SoFieldContainer::getField(class SbName const &)const " (?getField@SoFieldContainer@@UBEPAVSoField@@ABVSbName@@@Z)
Display.obj : error LNK2001: unresolved external symbol "public: virtual class SoField * __thiscall SoFieldContainer::getEventIn(class SbName const &)const " (?getEventIn@SoFieldContainer@@UBEPAVSoField@@ABVSbName@@@Z)
Painter.obj : error LNK2001: unresolved external symbol "public: virtual class SoField * __thiscall SoFieldContainer::getEventIn(class SbName const &)const " (?getEventIn@SoFieldContainer@@UBEPAVSoField@@ABVSbName@@@Z)
Display.obj : error LNK2001: unresolved external symbol "public: virtual class SoField * __thiscall SoFieldContainer::getEventOut(class SbName const &)const " (?getEventOut@SoFieldContainer@@UBEPAVSoField@@ABVSbName@@@Z)
Painter.obj : error LNK2001: unresolved external symbol "public: virtual class SoField * __thiscall SoFieldContainer::getEventOut(class SbName const &)const " (?getEventOut@SoFieldContainer@@UBEPAVSoField@@ABVSbName@@@Z)
Display.obj : error LNK2001: unresolved external symbol "public: virtual int __thiscall SoFieldContainer::validateNewFieldValue(class SoField *,void *)" (?validateNewFieldValue@SoFieldContainer@@UAEHPAVSoField@@PAX@Z)
Painter.obj : error LNK2001: unresolved external symbol "public: virtual int __thiscall SoFieldContainer::validateNewFieldValue(class SoField *,void *)" (?validateNewFieldValue@SoFieldContainer@@UAEHPAVSoField@@PAX@Z)
Display.obj : error LNK2001: unresolved external symbol "public: virtual void __thiscall SoFieldContainer::addWriteReference(class SoOutput *,int)" (?addWriteReference@SoFieldContainer@@UAEXPAVSoOutput@@H@Z)
Painter.obj : error LNK2001: unresolved external symbol "public: virtual void __thiscall SoFieldContainer::addWriteReference(class SoOutput *,int)" (?addWriteReference@SoFieldContainer@@UAEXPAVSoOutput@@H@Z)
Display.obj : error LNK2001: unresolved external symbol "public: virtual void __thiscall SoWinFullViewer::setComponentCursor(class SoWinCursor const &)" (?setComponentCursor@SoWinFullViewer@@UAEXABVSoWinCursor@@@Z)
Display.obj : error LNK2001: unresolved external symbol "protected: virtual void __thiscall SoWinFullViewer::sizeChanged(class SbVec2s const &)" (?sizeChanged@SoWinFullViewer@@MAEXABVSbVec2s@@@Z)
Display.obj : error LNK2001: unresolved external symbol "protected: virtual void __thiscall SoWinFullViewer::buildDecoration(struct HWND__ *)" (?buildDecoration@SoWinFullViewer@@MAEXPAUHWND__@@@Z)
Display.obj : error LNK2001: unresolved external symbol "protected: virtual struct HWND__ * __thiscall SoWinFullViewer::buildLeftTrim(struct HWND__ *)" (?buildLeftTrim@SoWinFullViewer@@MAEPAUHWND__@@PAU2@@Z)
Display.obj : error LNK2001: unresolved external symbol "protected: virtual struct HWND__ * __thiscall SoWinFullViewer::buildBottomTrim(struct HWND__ *)" (?buildBottomTrim@SoWinFullViewer@@MAEPAUHWND__@@PAU2@@Z)
Display.obj : error LNK2001: unresolved external symbol "protected: virtual struct HWND__ * __thiscall SoWinFullViewer::buildRightTrim(struct HWND__ *)" (?buildRightTrim@SoWinFullViewer@@MAEPAUHWND__@@PAU2@@Z)
Display.obj : error LNK2001: unresolved external symbol "protected: virtual void __thiscall SoWinFullViewer::buildPopupMenu(void)" (?buildPopupMenu@SoWinFullViewer@@MAEXXZ)
Display.obj : error LNK2001: unresolved external symbol "protected: virtual void __thiscall SoWinFullViewer::setPopupMenuString(char const *)" (?setPopupMenuString@SoWinFullViewer@@MAEXPBD@Z)
Display.obj : error LNK2001: unresolved external symbol "protected: virtual void __thiscall SoWinFullViewer::openPopupMenu(class SbVec2s)" (?openPopupMenu@SoWinFullViewer@@MAEXVSbVec2s@@@Z)
Display.obj : error LNK2001: unresolved external symbol "protected: virtual void __thiscall SoWinFullViewer::leftWheelStart(void)" (?leftWheelStart@SoWinFullViewer@@MAEXXZ)
Display.obj : error LNK2001: unresolved external symbol "protected: virtual void __thiscall SoWinFullViewer::leftWheelFinish(void)" (?leftWheelFinish@SoWinFullViewer@@MAEXXZ)
Display.obj : error LNK2001: unresolved external symbol "protected: virtual void __thiscall SoWinFullViewer::bottomWheelStart(void)" (?bottomWheelStart@SoWinFullViewer@@MAEXXZ)
Display.obj : error LNK2001: unresolved external symbol "protected: virtual void __thiscall SoWinFullViewer::bottomWheelFinish(void)" (?bottomWheelFinish@SoWinFullViewer@@MAEXXZ)
Display.obj : error LNK2001: unresolved external symbol "protected: virtual void __thiscall SoWinFullViewer::rightWheelStart(void)" (?rightWheelStart@SoWinFullViewer@@MAEXXZ)
Display.obj : error LNK2001: unresolved external symbol "protected: virtual void __thiscall SoWinFullViewer::rightWheelFinish(void)" (?rightWheelFinish@SoWinFullViewer@@MAEXXZ)
Mesh.obj : error LNK2019: unresolved external symbol "__declspec(dllimport) public: __thiscall SbVec3f::SbVec3f(void)" (__imp_??0SbVec3f@@QAE@XZ) referenced in function "public: __thiscall mesh::Vertex::Vertex(int,float,float,float)" (??0Vertex@mesh@@QAE@HMMM@Z)
Painter.obj : error LNK2019: unresolved external symbol "__declspec(dllimport) public: __thiscall SbString::SbString(char const *)" (__imp_??0SbString@@QAE@PBD@Z) referenced in function "public: class SoSeparator * __thiscall Painter::getShapeSep(class mesh::Mesh *)" (?getShapeSep@Painter@@QAEPAVSoSeparator@@PAVMesh@mesh@@@Z)
Painter.obj : error LNK2019: unresolved external symbol "__declspec(dllimport) public: __thiscall SbString::~SbString(void)" (__imp_??1SbString@@QAE@XZ) referenced in function "public: class SoSeparator * __thiscall Painter::getShapeSep(class mesh::Mesh *)" (?getShapeSep@Painter@@QAEPAVSoSeparator@@PAVMesh@mesh@@@Z)
Painter.obj : error LNK2019: unresolved external symbol "__declspec(dllimport) public: __thiscall SbVec3f::SbVec3f(float const * const)" (__imp_??0SbVec3f@@QAE@QBM@Z) referenced in function "public: class SoSeparator * __thiscall Painter::getShapeSep(class mesh::Mesh *)" (?getShapeSep@Painter@@QAEPAVSoSeparator@@PAVMesh@mesh@@@Z)
Painter.obj : error LNK2019: unresolved external symbol "__declspec(dllimport) public: __thiscall SbVec3f::SbVec3f(float,float,float)" (__imp_??0SbVec3f@@QAE@MMM@Z) referenced in function "public: __thiscall Painter::Painter(void)" (??0Painter@@QAE@XZ)
Painter.obj : error LNK2019: unresolved external symbol "__declspec(dllimport) public: float & __thiscall SbVec3f::operator[](int)" (__imp_??ASbVec3f@@QAEAAMH@Z) referenced in function "public: class SoSeparator * __thiscall Painter::getShapeSep(class mesh::Mesh *)" (?getShapeSep@Painter@@QAEPAVSoSeparator@@PAVMesh@mesh@@@Z)
Painter.obj : error LNK2019: unresolved external symbol "__declspec(dllimport) class SbVec3f __cdecl operator+(class SbVec3f const &,class SbVec3f const &)" (__imp_??H@YA?AVSbVec3f@@ABV0@0@Z) referenced in function "public: class SoSeparator * __thiscall Painter::getShapeSep(class mesh::Mesh *)" (?getShapeSep@Painter@@QAEPAVSoSeparator@@PAVMesh@mesh@@@Z)
Painter.obj : error LNK2019: unresolved external symbol "__declspec(dllimport) public: __thiscall SbColor::SbColor(float,float,float)" (__imp_??0SbColor@@QAE@MMM@Z) referenced in function "public: class SoSeparator * __thiscall Painter::getSphereSep(class mesh::Mesh *,float,float,float)" (?getSphereSep@Painter@@QAEPAVSoSeparator@@PAVMesh@mesh@@MMM@Z)
Painter.obj : error LNK2019: unresolved external symbol "__declspec(dllimport) public: void __thiscall SoMFColor::setValue(class SbColor const &)" (__imp_?setValue@SoMFColor@@QAEXABVSbColor@@@Z) referenced in function "public: class SoSeparator * __thiscall Painter::getSphereSep(class mesh::Mesh *,float,float,float)" (?getSphereSep@Painter@@QAEPAVSoSeparator@@PAVMesh@mesh@@MMM@Z)
Painter.obj : error LNK2019: unresolved external symbol "__declspec(dllimport) public: void __thiscall SoMFColor::setValue(float,float,float)" (__imp_?setValue@SoMFColor@@QAEXMMM@Z) referenced in function "public: class SoSeparator * __thiscall Painter::getShapeSep(class mesh::Mesh *)" (?getShapeSep@Painter@@QAEPAVSoSeparator@@PAVMesh@mesh@@@Z)
Painter.obj : error LNK2019: unresolved external symbol "__declspec(dllimport) public: void __thiscall SoMFColor::set1Value(int,class SbVec3f const &)" (__imp_?set1Value@SoMFColor@@QAEXHABVSbVec3f@@@Z) referenced in function "public: class SoSeparator * __thiscall Painter::getShapeSep(class mesh::Mesh *)" (?getShapeSep@Painter@@QAEPAVSoSeparator@@PAVMesh@mesh@@@Z)
Painter.obj : error LNK2019: unresolved external symbol "__declspec(dllimport) public: void __thiscall SoMFColor::set1Value(int,float,float,float)" (__imp_?set1Value@SoMFColor@@QAEXHMMM@Z) referenced in function "public: class SoSeparator * __thiscall Painter::getShapeSep(class mesh::Mesh *)" (?getShapeSep@Painter@@QAEPAVSoSeparator@@PAVMesh@mesh@@@Z)
Painter.obj : error LNK2019: unresolved external symbol "__declspec(dllimport) public: void __thiscall SoSFFloat::setValue(float)" (__imp_?setValue@SoSFFloat@@QAEXM@Z) referenced in function "public: class SoSeparator * __thiscall Painter::getShapeSep(class mesh::Mesh *)" (?getShapeSep@Painter@@QAEPAVSoSeparator@@PAVMesh@mesh@@@Z)
Painter.obj : error LNK2019: unresolved external symbol "__declspec(dllimport) public: float __thiscall SoSFFloat::operator=(float)" (__imp_??4SoSFFloat@@QAEMM@Z) referenced in function "public: class SoSeparator * __thiscall Painter::getShapeSep(class mesh::Mesh *)" (?getShapeSep@Painter@@QAEPAVSoSeparator@@PAVMesh@mesh@@@Z)
Painter.obj : error LNK2019: unresolved external symbol "__declspec(dllimport) public: __thiscall SoMaterial::SoMaterial(void)" (__imp_??0SoMaterial@@QAE@XZ) referenced in function "public: class SoSeparator * __thiscall Painter::getShapeSep(class mesh::Mesh *)" (?getShapeSep@Painter@@QAEPAVSoSeparator@@PAVMesh@mesh@@@Z)
Painter.obj : error LNK2019: unresolved external symbol "__declspec(dllimport) protected: virtual __thiscall SoMaterial::~SoMaterial(void)" (__imp_??1SoMaterial@@MAE@XZ) referenced in function "protected: virtual void * __thiscall SoMaterial::`scalar deleting destructor'(unsigned int)" (??_GSoMaterial@@MAEPAXI@Z)
Painter.obj : error LNK2019: unresolved external symbol "__declspec(dllimport) public: void __thiscall SoMFVec3f::set1Value(int,class SbVec3f const &)" (__imp_?set1Value@SoMFVec3f@@QAEXHABVSbVec3f@@@Z) referenced in function "public: class SoSeparator * __thiscall Painter::getShapeSep(class mesh::Mesh *)" (?getShapeSep@Painter@@QAEPAVSoSeparator@@PAVMesh@mesh@@@Z)
Painter.obj : error LNK2019: unresolved external symbol "__declspec(dllimport) public: void __thiscall SoMFVec3f::set1Value(int,float,float,float)" (__imp_?set1Value@SoMFVec3f@@QAEXHMMM@Z) referenced in function "public: class SoSeparator * __thiscall Painter::getShapeSep(class mesh::Mesh *)" (?getShapeSep@Painter@@QAEPAVSoSeparator@@PAVMesh@mesh@@@Z)
Painter.obj : error LNK2019: unresolved external symbol "__declspec(dllimport) public: __thiscall SoCoordinate3::SoCoordinate3(void)" (__imp_??0SoCoordinate3@@QAE@XZ) referenced in function "public: class SoSeparator * __thiscall Painter::getShapeSep(class mesh::Mesh *)" (?getShapeSep@Painter@@QAEPAVSoSeparator@@PAVMesh@mesh@@@Z)
Painter.obj : error LNK2019: unresolved external symbol "__declspec(dllimport) protected: virtual __thiscall SoCoordinate3::~SoCoordinate3(void)" (__imp_??1SoCoordinate3@@MAE@XZ) referenced in function "protected: virtual void * __thiscall SoCoordinate3::`scalar deleting destructor'(unsigned int)" (??_GSoCoordinate3@@MAEPAXI@Z)
Painter.obj : error LNK2019: unresolved external symbol "__declspec(dllimport) public: int __thiscall SoSFEnum::operator=(int)" (__imp_??4SoSFEnum@@QAEHH@Z) referenced in function "public: class SoSeparator * __thiscall Painter::getShapeSep(class mesh::Mesh *)" (?getShapeSep@Painter@@QAEPAVSoSeparator@@PAVMesh@mesh@@@Z)
Painter.obj : error LNK2019: unresolved external symbol "__declspec(dllimport) public: __thiscall SoMaterialBinding::SoMaterialBinding(void)" (__imp_??0SoMaterialBinding@@QAE@XZ) referenced in function "public: class SoSeparator * __thiscall Painter::getShapeSep(class mesh::Mesh *)" (?getShapeSep@Painter@@QAEPAVSoSeparator@@PAVMesh@mesh@@@Z)
Painter.obj : error LNK2019: unresolved external symbol "__declspec(dllimport) protected: virtual __thiscall SoMaterialBinding::~SoMaterialBinding(void)" (__imp_??1SoMaterialBinding@@MAE@XZ) referenced in function "protected: virtual void * __thiscall SoMaterialBinding::`scalar deleting destructor'(unsigned int)" (??_GSoMaterialBinding@@MAEPAXI@Z)
Painter.obj : error LNK2019: unresolved external symbol "__declspec(dllimport) public: void __thiscall SoMFInt32::set1Value(int,int)" (__imp_?set1Value@SoMFInt32@@QAEXHH@Z) referenced in function "public: class SoSeparator * __thiscall Painter::getShapeSep(class mesh::Mesh *)" (?getShapeSep@Painter@@QAEPAVSoSeparator@@PAVMesh@mesh@@@Z)
Painter.obj : error LNK2019: unresolved external symbol "__declspec(dllimport) public: __thiscall SoIndexedFaceSet::SoIndexedFaceSet(void)" (__imp_??0SoIndexedFaceSet@@QAE@XZ) referenced in function "public: class SoSeparator * __thiscall Painter::getShapeSep(class mesh::Mesh *)" (?getShapeSep@Painter@@QAEPAVSoSeparator@@PAVMesh@mesh@@@Z)
Painter.obj : error LNK2019: unresolved external symbol "__declspec(dllimport) protected: virtual __thiscall SoIndexedFaceSet::~SoIndexedFaceSet(void)" (__imp_??1SoIndexedFaceSet@@MAE@XZ) referenced in function "protected: virtual void * __thiscall SoIndexedFaceSet::`scalar deleting destructor'(unsigned int)" (??_GSoIndexedFaceSet@@MAEPAXI@Z)
Painter.obj : error LNK2019: unresolved external symbol "__declspec(dllimport) public: __thiscall SoShapeHints::SoShapeHints(void)" (__imp_??0SoShapeHints@@QAE@XZ) referenced in function "public: class SoSeparator * __thiscall Painter::getShapeSep(class mesh::Mesh *)" (?getShapeSep@Painter@@QAEPAVSoSeparator@@PAVMesh@mesh@@@Z)
Painter.obj : error LNK2019: unresolved external symbol "__declspec(dllimport) protected: virtual __thiscall SoShapeHints::~SoShapeHints(void)" (__imp_??1SoShapeHints@@MAE@XZ) referenced in function "protected: virtual void * __thiscall SoShapeHints::`scalar deleting destructor'(unsigned int)" (??_GSoShapeHints@@MAEPAXI@Z)
Painter.obj : error LNK2019: unresolved external symbol "__declspec(dllimport) public: __thiscall SoDrawStyle::SoDrawStyle(void)" (__imp_??0SoDrawStyle@@QAE@XZ) referenced in function "public: class SoSeparator * __thiscall Painter::getShapeSep(class mesh::Mesh *)" (?getShapeSep@Painter@@QAEPAVSoSeparator@@PAVMesh@mesh@@@Z)
Painter.obj : error LNK2019: unresolved external symbol "__declspec(dllimport) protected: virtual __thiscall SoDrawStyle::~SoDrawStyle(void)" (__imp_??1SoDrawStyle@@MAE@XZ) referenced in function "protected: virtual void * __thiscall SoDrawStyle::`scalar deleting destructor'(unsigned int)" (??_GSoDrawStyle@@MAEPAXI@Z)
Painter.obj : error LNK2019: unresolved external symbol "__declspec(dllimport) public: __thiscall SoIndexedLineSet::SoIndexedLineSet(void)" (__imp_??0SoIndexedLineSet@@QAE@XZ) referenced in function "public: class SoSeparator * __thiscall Painter::getShapeSep(class mesh::Mesh *)" (?getShapeSep@Painter@@QAEPAVSoSeparator@@PAVMesh@mesh@@@Z)
Painter.obj : error LNK2019: unresolved external symbol "__declspec(dllimport) protected: virtual __thiscall SoIndexedLineSet::~SoIndexedLineSet(void)" (__imp_??1SoIndexedLineSet@@MAE@XZ) referenced in function "protected: virtual void * __thiscall SoIndexedLineSet::`scalar deleting destructor'(unsigned int)" (??_GSoIndexedLineSet@@MAEPAXI@Z)
Painter.obj : error LNK2019: unresolved external symbol "__declspec(dllimport) public: __thiscall SoSphere::SoSphere(void)" (__imp_??0SoSphere@@QAE@XZ) referenced in function "public: class SoSeparator * __thiscall Painter::getSphereSep(class mesh::Mesh *,float,float,float)" (?getSphereSep@Painter@@QAEPAVSoSeparator@@PAVMesh@mesh@@MMM@Z)
Painter.obj : error LNK2019: unresolved external symbol "__declspec(dllimport) protected: virtual __thiscall SoSphere::~SoSphere(void)" (__imp_??1SoSphere@@MAE@XZ) referenced in function "protected: virtual void * __thiscall SoSphere::`scalar deleting destructor'(unsigned int)" (??_GSoSphere@@MAEPAXI@Z)
Painter.obj : error LNK2019: unresolved external symbol "__declspec(dllimport) public: void __thiscall SoSFVec3f::setValue(float,float,float)" (__imp_?setValue@SoSFVec3f@@QAEXMMM@Z) referenced in function "public: class SoSeparator * __thiscall Painter::getShapeSep(class mesh::Mesh *)" (?getShapeSep@Painter@@QAEPAVSoSeparator@@PAVMesh@mesh@@@Z)
Painter.obj : error LNK2019: unresolved external symbol "__declspec(dllimport) public: __thiscall SoTransform::SoTransform(void)" (__imp_??0SoTransform@@QAE@XZ) referenced in function "public: class SoSeparator * __thiscall Painter::getSphereSep(class mesh::Mesh *,float,float,float)" (?getSphereSep@Painter@@QAEPAVSoSeparator@@PAVMesh@mesh@@MMM@Z)
Painter.obj : error LNK2019: unresolved external symbol "__declspec(dllimport) protected: virtual __thiscall SoTransform::~SoTransform(void)" (__imp_??1SoTransform@@MAE@XZ) referenced in function "protected: virtual void * __thiscall SoTransform::`scalar deleting destructor'(unsigned int)" (??_GSoTransform@@MAEPAXI@Z)
Painter.obj : error LNK2019: unresolved external symbol "__declspec(dllimport) public: __thiscall SoPointSet::SoPointSet(void)" (__imp_??0SoPointSet@@QAE@XZ) referenced in function "public: class SoSeparator * __thiscall Painter::getShapeSep(class mesh::Mesh *)" (?getShapeSep@Painter@@QAEPAVSoSeparator@@PAVMesh@mesh@@@Z)
Painter.obj : error LNK2019: unresolved external symbol "__declspec(dllimport) protected: virtual __thiscall SoPointSet::~SoPointSet(void)" (__imp_??1SoPointSet@@MAE@XZ) referenced in function "protected: virtual void * __thiscall SoPointSet::`scalar deleting destructor'(unsigned int)" (??_GSoPointSet@@MAEPAXI@Z)
Painter.obj : error LNK2019: unresolved external symbol "__declspec(dllimport) public: __thiscall SoFont::SoFont(void)" (__imp_??0SoFont@@QAE@XZ) referenced in function "public: class SoSeparator * __thiscall Painter::getShapeSep(class mesh::Mesh *)" (?getShapeSep@Painter@@QAEPAVSoSeparator@@PAVMesh@mesh@@@Z)
Painter.obj : error LNK2019: unresolved external symbol "__declspec(dllimport) protected: virtual __thiscall SoFont::~SoFont(void)" (__imp_??1SoFont@@MAE@XZ) referenced in function "protected: virtual void * __thiscall SoFont::`scalar deleting destructor'(unsigned int)" (??_GSoFont@@MAEPAXI@Z)
Painter.obj : error LNK2019: unresolved external symbol "__declspec(dllimport) public: class SbString const & __thiscall SoMFString::operator=(class SbString const &)" (__imp_??4SoMFString@@QAEABVSbString@@ABV1@@Z) referenced in function "public: class SoSeparator * __thiscall Painter::getShapeSep(class mesh::Mesh *)" (?getShapeSep@Painter@@QAEPAVSoSeparator@@PAVMesh@mesh@@@Z)
Painter.obj : error LNK2019: unresolved external symbol "__declspec(dllimport) public: __thiscall SoText2::SoText2(void)" (__imp_??0SoText2@@QAE@XZ) referenced in function "public: class SoSeparator * __thiscall Painter::getShapeSep(class mesh::Mesh *)" (?getShapeSep@Painter@@QAEPAVSoSeparator@@PAVMesh@mesh@@@Z)
Painter.obj : error LNK2019: unresolved external symbol "__declspec(dllimport) protected: virtual __thiscall SoText2::~SoText2(void)" (__imp_??1SoText2@@MAE@XZ) referenced in function "protected: virtual void * __thiscall SoText2::`scalar deleting destructor'(unsigned int)" (??_GSoText2@@MAEPAXI@Z)
Painter.obj : error LNK2019: unresolved external symbol "__declspec(dllimport) public: __thiscall SoTranslation::SoTranslation(void)" (__imp_??0SoTranslation@@QAE@XZ) referenced in function "public: class SoSeparator * __thiscall Painter::getShapeSep(class mesh::Mesh *)" (?getShapeSep@Painter@@QAEPAVSoSeparator@@PAVMesh@mesh@@@Z)
Painter.obj : error LNK2019: unresolved external symbol "__declspec(dllimport) protected: virtual __thiscall SoTranslation::~SoTranslation(void)" (__imp_??1SoTranslation@@MAE@XZ) referenced in function "protected: virtual void * __thiscall SoTranslation::`scalar deleting destructor'(unsigned int)" (??_GSoTranslation@@MAEPAXI@Z)
Painter.obj : error LNK2001: unresolved external symbol "public: virtual class SoType __thiscall SoShapeHints::getTypeId(void)const " (?getTypeId@SoShapeHints@@UBE?AVSoType@@XZ)
Painter.obj : error LNK2001: unresolved external symbol "protected: virtual class SoFieldData const * __thiscall SoShapeHints::getFieldData(void)const " (?getFieldData@SoShapeHints@@MBEPBVSoFieldData@@XZ)
Painter.obj : error LNK2001: unresolved external symbol "public: virtual void __thiscall SoShapeHints::doAction(class SoAction *)" (?doAction@SoShapeHints@@UAEXPAVSoAction@@@Z)
Painter.obj : error LNK2001: unresolved external symbol "public: virtual void __thiscall SoShapeHints::GLRender(class SoGLRenderAction *)" (?GLRender@SoShapeHints@@UAEXPAVSoGLRenderAction@@@Z)
Painter.obj : error LNK2001: unresolved external symbol "public: virtual void __thiscall SoShapeHints::callback(class SoCallbackAction *)" (?callback@SoShapeHints@@UAEXPAVSoCallbackAction@@@Z)
Painter.obj : error LNK2001: unresolved external symbol "public: virtual void __thiscall SoShapeHints::getBoundingBox(class SoGetBoundingBoxAction *)" (?getBoundingBox@SoShapeHints@@UAEXPAVSoGetBoundingBoxAction@@@Z)
Painter.obj : error LNK2001: unresolved external symbol "public: virtual void __thiscall SoShapeHints::pick(class SoPickAction *)" (?pick@SoShapeHints@@UAEXPAVSoPickAction@@@Z)
Painter.obj : error LNK2001: unresolved external symbol "public: virtual class SoType __thiscall SoCoordinate3::getTypeId(void)const " (?getTypeId@SoCoordinate3@@UBE?AVSoType@@XZ)
Painter.obj : error LNK2001: unresolved external symbol "protected: virtual class SoFieldData const * __thiscall SoCoordinate3::getFieldData(void)const " (?getFieldData@SoCoordinate3@@MBEPBVSoFieldData@@XZ)
Painter.obj : error LNK2001: unresolved external symbol "public: virtual void __thiscall SoCoordinate3::doAction(class SoAction *)" (?doAction@SoCoordinate3@@UAEXPAVSoAction@@@Z)
Painter.obj : error LNK2001: unresolved external symbol "public: virtual void __thiscall SoCoordinate3::GLRender(class SoGLRenderAction *)" (?GLRender@SoCoordinate3@@UAEXPAVSoGLRenderAction@@@Z)
Painter.obj : error LNK2001: unresolved external symbol "public: virtual void __thiscall SoCoordinate3::callback(class SoCallbackAction *)" (?callback@SoCoordinate3@@UAEXPAVSoCallbackAction@@@Z)
Painter.obj : error LNK2001: unresolved external symbol "public: virtual void __thiscall SoCoordinate3::getBoundingBox(class SoGetBoundingBoxAction *)" (?getBoundingBox@SoCoordinate3@@UAEXPAVSoGetBoundingBoxAction@@@Z)
Painter.obj : error LNK2001: unresolved external symbol "public: virtual void __thiscall SoCoordinate3::pick(class SoPickAction *)" (?pick@SoCoordinate3@@UAEXPAVSoPickAction@@@Z)
Painter.obj : error LNK2001: unresolved external symbol "public: virtual void __thiscall SoCoordinate3::getPrimitiveCount(class SoGetPrimitiveCountAction *)" (?getPrimitiveCount@SoCoordinate3@@UAEXPAVSoGetPrimitiveCountAction@@@Z)
Painter.obj : error LNK2001: unresolved external symbol "public: virtual class SoType __thiscall SoTranslation::getTypeId(void)const " (?getTypeId@SoTranslation@@UBE?AVSoType@@XZ)
Painter.obj : error LNK2001: unresolved external symbol "protected: virtual class SoFieldData const * __thiscall SoTranslation::getFieldData(void)const " (?getFieldData@SoTranslation@@MBEPBVSoFieldData@@XZ)
Painter.obj : error LNK2001: unresolved external symbol "public: virtual void __thiscall SoTranslation::doAction(class SoAction *)" (?doAction@SoTranslation@@UAEXPAVSoAction@@@Z)
Painter.obj : error LNK2001: unresolved external symbol "public: virtual void __thiscall SoTranslation::callback(class SoCallbackAction *)" (?callback@SoTranslation@@UAEXPAVSoCallbackAction@@@Z)
Painter.obj : error LNK2001: unresolved external symbol "public: virtual void __thiscall SoTranslation::GLRender(class SoGLRenderAction *)" (?GLRender@SoTranslation@@UAEXPAVSoGLRenderAction@@@Z)
Painter.obj : error LNK2001: unresolved external symbol "public: virtual void __thiscall SoTranslation::getBoundingBox(class SoGetBoundingBoxAction *)" (?getBoundingBox@SoTranslation@@UAEXPAVSoGetBoundingBoxAction@@@Z)
Painter.obj : error LNK2001: unresolved external symbol "public: virtual void __thiscall SoTranslation::getMatrix(class SoGetMatrixAction *)" (?getMatrix@SoTranslation@@UAEXPAVSoGetMatrixAction@@@Z)
Painter.obj : error LNK2001: unresolved external symbol "public: virtual void __thiscall SoTranslation::pick(class SoPickAction *)" (?pick@SoTranslation@@UAEXPAVSoPickAction@@@Z)
Painter.obj : error LNK2001: unresolved external symbol "public: virtual void __thiscall SoTranslation::getPrimitiveCount(class SoGetPrimitiveCountAction *)" (?getPrimitiveCount@SoTranslation@@UAEXPAVSoGetPrimitiveCountAction@@@Z)
Painter.obj : error LNK2001: unresolved external symbol "public: virtual class SoType __thiscall SoDrawStyle::getTypeId(void)const " (?getTypeId@SoDrawStyle@@UBE?AVSoType@@XZ)
Painter.obj : error LNK2001: unresolved external symbol "protected: virtual class SoFieldData const * __thiscall SoDrawStyle::getFieldData(void)const " (?getFieldData@SoDrawStyle@@MBEPBVSoFieldData@@XZ)
Painter.obj : error LNK2001: unresolved external symbol "public: virtual void __thiscall SoDrawStyle::doAction(class SoAction *)" (?doAction@SoDrawStyle@@UAEXPAVSoAction@@@Z)
Painter.obj : error LNK2001: unresolved external symbol "public: virtual void __thiscall SoDrawStyle::GLRender(class SoGLRenderAction *)" (?GLRender@SoDrawStyle@@UAEXPAVSoGLRenderAction@@@Z)
Painter.obj : error LNK2001: unresolved external symbol "public: virtual void __thiscall SoDrawStyle::callback(class SoCallbackAction *)" (?callback@SoDrawStyle@@UAEXPAVSoCallbackAction@@@Z)
Painter.obj : error LNK2001: unresolved external symbol "public: virtual class SoType __thiscall SoFont::getTypeId(void)const " (?getTypeId@SoFont@@UBE?AVSoType@@XZ)
Painter.obj : error LNK2001: unresolved external symbol "protected: virtual class SoFieldData const * __thiscall SoFont::getFieldData(void)const " (?getFieldData@SoFont@@MBEPBVSoFieldData@@XZ)
Painter.obj : error LNK2001: unresolved external symbol "public: virtual void __thiscall SoFont::doAction(class SoAction *)" (?doAction@SoFont@@UAEXPAVSoAction@@@Z)
Painter.obj : error LNK2001: unresolved external symbol "public: virtual void __thiscall SoFont::getBoundingBox(class SoGetBoundingBoxAction *)" (?getBoundingBox@SoFont@@UAEXPAVSoGetBoundingBoxAction@@@Z)
Painter.obj : error LNK2001: unresolved external symbol "public: virtual void __thiscall SoFont::GLRender(class SoGLRenderAction *)" (?GLRender@SoFont@@UAEXPAVSoGLRenderAction@@@Z)
Painter.obj : error LNK2001: unresolved external symbol "public: virtual void __thiscall SoFont::callback(class SoCallbackAction *)" (?callback@SoFont@@UAEXPAVSoCallbackAction@@@Z)
Painter.obj : error LNK2001: unresolved external symbol "public: virtual void __thiscall SoFont::pick(class SoPickAction *)" (?pick@SoFont@@UAEXPAVSoPickAction@@@Z)
Painter.obj : error LNK2001: unresolved external symbol "public: virtual void __thiscall SoFont::getPrimitiveCount(class SoGetPrimitiveCountAction *)" (?getPrimitiveCount@SoFont@@UAEXPAVSoGetPrimitiveCountAction@@@Z)
Painter.obj : error LNK2001: unresolved external symbol "public: virtual class SoType __thiscall SoSphere::getTypeId(void)const " (?getTypeId@SoSphere@@UBE?AVSoType@@XZ)
Painter.obj : error LNK2001: unresolved external symbol "protected: virtual class SoFieldData const * __thiscall SoSphere::getFieldData(void)const " (?getFieldData@SoSphere@@MBEPBVSoFieldData@@XZ)
Painter.obj : error LNK2001: unresolved external symbol "public: virtual void __thiscall SoSphere::GLRender(class SoGLRenderAction *)" (?GLRender@SoSphere@@UAEXPAVSoGLRenderAction@@@Z)
Painter.obj : error LNK2001: unresolved external symbol "public: virtual void __thiscall SoSphere::rayPick(class SoRayPickAction *)" (?rayPick@SoSphere@@UAEXPAVSoRayPickAction@@@Z)
Painter.obj : error LNK2001: unresolved external symbol "public: virtual void __thiscall SoSphere::getPrimitiveCount(class SoGetPrimitiveCountAction *)" (?getPrimitiveCount@SoSphere@@UAEXPAVSoGetPrimitiveCountAction@@@Z)
Painter.obj : error LNK2001: unresolved external symbol "protected: virtual void __thiscall SoSphere::generatePrimitives(class SoAction *)" (?generatePrimitives@SoSphere@@MAEXPAVSoAction@@@Z)
Painter.obj : error LNK2001: unresolved external symbol "protected: virtual void __thiscall SoSphere::computeBBox(class SoAction *,class SbBox3f &,class SbVec3f &)" (?computeBBox@SoSphere@@MAEXPAVSoAction@@AAVSbBox3f@@AAVSbVec3f@@@Z)
Painter.obj : error LNK2001: unresolved external symbol "public: virtual class SoType __thiscall SoIndexedFaceSet::getTypeId(void)const " (?getTypeId@SoIndexedFaceSet@@UBE?AVSoType@@XZ)
Painter.obj : error LNK2001: unresolved external symbol "protected: virtual class SoFieldData const * __thiscall SoIndexedFaceSet::getFieldData(void)const " (?getFieldData@SoIndexedFaceSet@@MBEPBVSoFieldData@@XZ)
Painter.obj : error LNK2001: unresolved external symbol "public: virtual void __thiscall SoIndexedFaceSet::GLRender(class SoGLRenderAction *)" (?GLRender@SoIndexedFaceSet@@UAEXPAVSoGLRenderAction@@@Z)
Painter.obj : error LNK2001: unresolved external symbol "public: virtual void __thiscall SoIndexedFaceSet::getPrimitiveCount(class SoGetPrimitiveCountAction *)" (?getPrimitiveCount@SoIndexedFaceSet@@UAEXPAVSoGetPrimitiveCountAction@@@Z)
Painter.obj : error LNK2001: unresolved external symbol "public: virtual int __thiscall SoIndexedFaceSet::generateDefaultNormals(class SoState *,class SoNormalCache *)" (?generateDefaultNormals@SoIndexedFaceSet@@UAEHPAVSoState@@PAVSoNormalCache@@@Z)
Painter.obj : error LNK2001: unresolved external symbol "public: virtual int __thiscall SoIndexedFaceSet::generateDefaultNormals(class SoState *,class SoNormalBundle *)" (?generateDefaultNormals@SoIndexedFaceSet@@UAEHPAVSoState@@PAVSoNormalBundle@@@Z)
Painter.obj : error LNK2001: unresolved external symbol "protected: virtual void __thiscall SoIndexedFaceSet::generatePrimitives(class SoAction *)" (?generatePrimitives@SoIndexedFaceSet@@MAEXPAVSoAction@@@Z)
Painter.obj : error LNK2001: unresolved external symbol "private: virtual void __thiscall SoIndexedFaceSet::notify(class SoNotList *)" (?notify@SoIndexedFaceSet@@EAEXPAVSoNotList@@@Z)
Painter.obj : error LNK2001: unresolved external symbol "public: virtual class SoType __thiscall SoMaterialBinding::getTypeId(void)const " (?getTypeId@SoMaterialBinding@@UBE?AVSoType@@XZ)
Painter.obj : error LNK2001: unresolved external symbol "protected: virtual class SoFieldData const * __thiscall SoMaterialBinding::getFieldData(void)const " (?getFieldData@SoMaterialBinding@@MBEPBVSoFieldData@@XZ)
Painter.obj : error LNK2001: unresolved external symbol "public: virtual void __thiscall SoMaterialBinding::doAction(class SoAction *)" (?doAction@SoMaterialBinding@@UAEXPAVSoAction@@@Z)
Painter.obj : error LNK2001: unresolved external symbol "public: virtual void __thiscall SoMaterialBinding::GLRender(class SoGLRenderAction *)" (?GLRender@SoMaterialBinding@@UAEXPAVSoGLRenderAction@@@Z)
Painter.obj : error LNK2001: unresolved external symbol "public: virtual void __thiscall SoMaterialBinding::callback(class SoCallbackAction *)" (?callback@SoMaterialBinding@@UAEXPAVSoCallbackAction@@@Z)
Painter.obj : error LNK2001: unresolved external symbol "public: virtual void __thiscall SoMaterialBinding::pick(class SoPickAction *)" (?pick@SoMaterialBinding@@UAEXPAVSoPickAction@@@Z)
Painter.obj : error LNK2001: unresolved external symbol "public: virtual void __thiscall SoMaterialBinding::getPrimitiveCount(class SoGetPrimitiveCountAction *)" (?getPrimitiveCount@SoMaterialBinding@@UAEXPAVSoGetPrimitiveCountAction@@@Z)
Painter.obj : error LNK2001: unresolved external symbol "protected: virtual void __thiscall SoIndexedShape::computeBBox(class SoAction *,class SbBox3f &,class SbVec3f &)" (?computeBBox@SoIndexedShape@@MAEXPAVSoAction@@AAVSbBox3f@@AAVSbVec3f@@@Z)
Painter.obj : error LNK2001: unresolved external symbol "public: virtual class SoType __thiscall SoMaterial::getTypeId(void)const " (?getTypeId@SoMaterial@@UBE?AVSoType@@XZ)
Painter.obj : error LNK2001: unresolved external symbol "protected: virtual class SoFieldData const * __thiscall SoMaterial::getFieldData(void)const " (?getFieldData@SoMaterial@@MBEPBVSoFieldData@@XZ)
Painter.obj : error LNK2001: unresolved external symbol "public: virtual void __thiscall SoMaterial::doAction(class SoAction *)" (?doAction@SoMaterial@@UAEXPAVSoAction@@@Z)
Painter.obj : error LNK2001: unresolved external symbol "public: virtual void __thiscall SoMaterial::GLRender(class SoGLRenderAction *)" (?GLRender@SoMaterial@@UAEXPAVSoGLRenderAction@@@Z)
Painter.obj : error LNK2001: unresolved external symbol "public: virtual void __thiscall SoMaterial::callback(class SoCallbackAction *)" (?callback@SoMaterial@@UAEXPAVSoCallbackAction@@@Z)
Painter.obj : error LNK2001: unresolved external symbol "protected: virtual void __thiscall SoMaterial::notify(class SoNotList *)" (?notify@SoMaterial@@MAEXPAVSoNotList@@@Z)
Painter.obj : error LNK2001: unresolved external symbol "public: virtual int __thiscall SoNode::affectsState(void)const " (?affectsState@SoNode@@UBEHXZ)
Painter.obj : error LNK2001: unresolved external symbol "public: virtual void __thiscall SoNode::doAction(class SoAction *)" (?doAction@SoNode@@UAEXPAVSoAction@@@Z)
Painter.obj : error LNK2001: unresolved external symbol "public: virtual void __thiscall SoNode::GLRenderBelowPath(class SoGLRenderAction *)" (?GLRenderBelowPath@SoNode@@UAEXPAVSoGLRenderAction@@@Z)
Painter.obj : error LNK2001: unresolved external symbol "public: virtual void __thiscall SoNode::GLRenderInPath(class SoGLRenderAction *)" (?GLRenderInPath@SoNode@@UAEXPAVSoGLRenderAction@@@Z)
Painter.obj : error LNK2001: unresolved external symbol "public: virtual void __thiscall SoNode::GLRenderOffPath(class SoGLRenderAction *)" (?GLRenderOffPath@SoNode@@UAEXPAVSoGLRenderAction@@@Z)
Painter.obj : error LNK2001: unresolved external symbol "public: virtual void __thiscall SoNode::getBoundingBox(class SoGetBoundingBoxAction *)" (?getBoundingBox@SoNode@@UAEXPAVSoGetBoundingBoxAction@@@Z)
Painter.obj : error LNK2001: unresolved external symbol "public: virtual void __thiscall SoNode::getMatrix(class SoGetMatrixAction *)" (?getMatrix@SoNode@@UAEXPAVSoGetMatrixAction@@@Z)
Painter.obj : error LNK2001: unresolved external symbol "public: virtual void __thiscall SoNode::handleEvent(class SoHandleEventAction *)" (?handleEvent@SoNode@@UAEXPAVSoHandleEventAction@@@Z)
Painter.obj : error LNK2001: unresolved external symbol "public: virtual void __thiscall SoNode::pick(class SoPickAction *)" (?pick@SoNode@@UAEXPAVSoPickAction@@@Z)
Painter.obj : error LNK2001: unresolved external symbol "public: virtual void __thiscall SoNode::rayPick(class SoRayPickAction *)" (?rayPick@SoNode@@UAEXPAVSoRayPickAction@@@Z)
Painter.obj : error LNK2001: unresolved external symbol "public: virtual void __thiscall SoNode::search(class SoSearchAction *)" (?search@SoNode@@UAEXPAVSoSearchAction@@@Z)
Painter.obj : error LNK2001: unresolved external symbol "public: virtual void __thiscall SoNode::write(class SoWriteAction *)" (?write@SoNode@@UAEXPAVSoWriteAction@@@Z)
Painter.obj : error LNK2001: unresolved external symbol "public: virtual void __thiscall SoNode::audioRender(class SoAudioRenderAction *)" (?audioRender@SoNode@@UAEXPAVSoAudioRenderAction@@@Z)
Painter.obj : error LNK2001: unresolved external symbol "public: virtual void __thiscall SoNode::getPrimitiveCount(class SoGetPrimitiveCountAction *)" (?getPrimitiveCount@SoNode@@UAEXPAVSoGetPrimitiveCountAction@@@Z)
Painter.obj : error LNK2001: unresolved external symbol "public: virtual void __thiscall SoNode::notify(class SoNotList *)" (?notify@SoNode@@UAEXPAVSoNotList@@@Z)
Painter.obj : error LNK2001: unresolved external symbol "public: virtual class SoChildList * __thiscall SoNode::getChildren(void)const " (?getChildren@SoNode@@UBEPAVSoChildList@@XZ)
Painter.obj : error LNK2001: unresolved external symbol "public: virtual void __thiscall SoNode::copyContents(class SoFieldContainer const *,int)" (?copyContents@SoNode@@UAEXPBVSoFieldContainer@@H@Z)
Painter.obj : error LNK2001: unresolved external symbol "protected: virtual int __thiscall SoNode::readInstance(class SoInput *,unsigned short)" (?readInstance@SoNode@@MAEHPAVSoInput@@G@Z)
Painter.obj : error LNK2001: unresolved external symbol "public: virtual class SoType __thiscall SoIndexedLineSet::getTypeId(void)const " (?getTypeId@SoIndexedLineSet@@UBE?AVSoType@@XZ)
Painter.obj : error LNK2001: unresolved external symbol "protected: virtual class SoFieldData const * __thiscall SoIndexedLineSet::getFieldData(void)const " (?getFieldData@SoIndexedLineSet@@MBEPBVSoFieldData@@XZ)
Painter.obj : error LNK2001: unresolved external symbol "public: virtual void __thiscall SoIndexedLineSet::GLRender(class SoGLRenderAction *)" (?GLRender@SoIndexedLineSet@@UAEXPAVSoGLRenderAction@@@Z)
Painter.obj : error LNK2001: unresolved external symbol "public: virtual void __thiscall SoIndexedLineSet::getBoundingBox(class SoGetBoundingBoxAction *)" (?getBoundingBox@SoIndexedLineSet@@UAEXPAVSoGetBoundingBoxAction@@@Z)
Painter.obj : error LNK2001: unresolved external symbol "public: virtual void __thiscall SoIndexedLineSet::getPrimitiveCount(class SoGetPrimitiveCountAction *)" (?getPrimitiveCount@SoIndexedLineSet@@UAEXPAVSoGetPrimitiveCountAction@@@Z)
Painter.obj : error LNK2001: unresolved external symbol "private: virtual void __thiscall SoIndexedLineSet::generatePrimitives(class SoAction *)" (?generatePrimitives@SoIndexedLineSet@@EAEXPAVSoAction@@@Z)
Painter.obj : error LNK2001: unresolved external symbol "private: virtual int __thiscall SoIndexedLineSet::generateDefaultNormals(class SoState *,class SoNormalCache *)" (?generateDefaultNormals@SoIndexedLineSet@@EAEHPAVSoState@@PAVSoNormalCache@@@Z)
Painter.obj : error LNK2001: unresolved external symbol "private: virtual int __thiscall SoIndexedLineSet::generateDefaultNormals(class SoState *,class SoNormalBundle *)" (?generateDefaultNormals@SoIndexedLineSet@@EAEHPAVSoState@@PAVSoNormalBundle@@@Z)
Painter.obj : error LNK2001: unresolved external symbol "public: virtual class SoType __thiscall SoTransform::getTypeId(void)const " (?getTypeId@SoTransform@@UBE?AVSoType@@XZ)
Painter.obj : error LNK2001: unresolved external symbol "protected: virtual class SoFieldData const * __thiscall SoTransform::getFieldData(void)const " (?getFieldData@SoTransform@@MBEPBVSoFieldData@@XZ)
Painter.obj : error LNK2001: unresolved external symbol "public: virtual void __thiscall SoTransform::doAction(class SoAction *)" (?doAction@SoTransform@@UAEXPAVSoAction@@@Z)
Painter.obj : error LNK2001: unresolved external symbol "public: virtual void __thiscall SoTransform::GLRender(class SoGLRenderAction *)" (?GLRender@SoTransform@@UAEXPAVSoGLRenderAction@@@Z)
Painter.obj : error LNK2001: unresolved external symbol "public: virtual void __thiscall SoTransform::callback(class SoCallbackAction *)" (?callback@SoTransform@@UAEXPAVSoCallbackAction@@@Z)
Painter.obj : error LNK2001: unresolved external symbol "public: virtual void __thiscall SoTransform::getBoundingBox(class SoGetBoundingBoxAction *)" (?getBoundingBox@SoTransform@@UAEXPAVSoGetBoundingBoxAction@@@Z)
Painter.obj : error LNK2001: unresolved external symbol "public: virtual void __thiscall SoTransform::getMatrix(class SoGetMatrixAction *)" (?getMatrix@SoTransform@@UAEXPAVSoGetMatrixAction@@@Z)
Painter.obj : error LNK2001: unresolved external symbol "public: virtual void __thiscall SoTransform::pick(class SoPickAction *)" (?pick@SoTransform@@UAEXPAVSoPickAction@@@Z)
Painter.obj : error LNK2001: unresolved external symbol "public: virtual void __thiscall SoTransform::getPrimitiveCount(class SoGetPrimitiveCountAction *)" (?getPrimitiveCount@SoTransform@@UAEXPAVSoGetPrimitiveCountAction@@@Z)
Painter.obj : error LNK2001: unresolved external symbol "public: virtual int __thiscall SoShape::affectsState(void)const " (?affectsState@SoShape@@UBEHXZ)
Painter.obj : error LNK2001: unresolved external symbol "public: virtual void __thiscall SoShape::notify(class SoNotList *)" (?notify@SoShape@@UAEXPAVSoNotList@@@Z)
Painter.obj : error LNK2001: unresolved external symbol "public: virtual void __thiscall SoShape::getBoundingBox(class SoGetBoundingBoxAction *)" (?getBoundingBox@SoShape@@UAEXPAVSoGetBoundingBoxAction@@@Z)
Painter.obj : error LNK2001: unresolved external symbol "public: virtual void __thiscall SoShape::rayPick(class SoRayPickAction *)" (?rayPick@SoShape@@UAEXPAVSoRayPickAction@@@Z)
Painter.obj : error LNK2001: unresolved external symbol "public: virtual void __thiscall SoShape::callback(class SoCallbackAction *)" (?callback@SoShape@@UAEXPAVSoCallbackAction@@@Z)
Painter.obj : error LNK2001: unresolved external symbol "protected: virtual int __thiscall SoShape::shouldGLRender(class SoGLRenderAction *)" (?shouldGLRender@SoShape@@MAEHPAVSoGLRenderAction@@@Z)
Painter.obj : error LNK2001: unresolved external symbol "protected: virtual class SoDetail * __thiscall SoShape::createTriangleDetail(class SoRayPickAction *,class SoPrimitiveVertex const *,class SoPrimitiveVertex const *,class SoPrimitiveVertex const *,class SoPickedPoint *)" (?createTriangleDetail@SoShape@@MAEPAVSoDetail@@PAVSoRayPickAction@@PBVSoPrimitiveVertex@@11PAVSoPickedPoint@@@Z)
Painter.obj : error LNK2001: unresolved external symbol "protected: virtual class SoDetail * __thiscall SoShape::createLineSegmentDetail(class SoRayPickAction *,class SoPrimitiveVertex const *,class SoPrimitiveVertex const *,class SoPickedPoint *)" (?createLineSegmentDetail@SoShape@@MAEPAVSoDetail@@PAVSoRayPickAction@@PBVSoPrimitiveVertex@@1PAVSoPickedPoint@@@Z)
Painter.obj : error LNK2001: unresolved external symbol "protected: virtual class SoDetail * __thiscall SoShape::createPointDetail(class SoRayPickAction *,class SoPrimitiveVertex const *,class SoPickedPoint *)" (?createPointDetail@SoShape@@MAEPAVSoDetail@@PAVSoRayPickAction@@PBVSoPrimitiveVertex@@PAVSoPickedPoint@@@Z)
Painter.obj : error LNK2001: unresolved external symbol "public: virtual class SoType __thiscall SoText2::getTypeId(void)const " (?getTypeId@SoText2@@UBE?AVSoType@@XZ)
Painter.obj : error LNK2001: unresolved external symbol "protected: virtual class SoFieldData const * __thiscall SoText2::getFieldData(void)const " (?getFieldData@SoText2@@MBEPBVSoFieldData@@XZ)
Painter.obj : error LNK2001: unresolved external symbol "public: virtual void __thiscall SoText2::GLRender(class SoGLRenderAction *)" (?GLRender@SoText2@@UAEXPAVSoGLRenderAction@@@Z)
Painter.obj : error LNK2001: unresolved external symbol "public: virtual void __thiscall SoText2::rayPick(class SoRayPickAction *)" (?rayPick@SoText2@@UAEXPAVSoRayPickAction@@@Z)
Painter.obj : error LNK2001: unresolved external symbol "public: virtual void __thiscall SoText2::getPrimitiveCount(class SoGetPrimitiveCountAction *)" (?getPrimitiveCount@SoText2@@UAEXPAVSoGetPrimitiveCountAction@@@Z)
Painter.obj : error LNK2001: unresolved external symbol "protected: virtual void __thiscall SoText2::generatePrimitives(class SoAction *)" (?generatePrimitives@SoText2@@MAEXPAVSoAction@@@Z)
Painter.obj : error LNK2001: unresolved external symbol "protected: virtual void __thiscall SoText2::computeBBox(class SoAction *,class SbBox3f &,class SbVec3f &)" (?computeBBox@SoText2@@MAEXPAVSoAction@@AAVSbBox3f@@AAVSbVec3f@@@Z)
Painter.obj : error LNK2001: unresolved external symbol "public: virtual class SoType __thiscall SoPointSet::getTypeId(void)const " (?getTypeId@SoPointSet@@UBE?AVSoType@@XZ)
Painter.obj : error LNK2001: unresolved external symbol "protected: virtual class SoFieldData const * __thiscall SoPointSet::getFieldData(void)const " (?getFieldData@SoPointSet@@MBEPBVSoFieldData@@XZ)
Painter.obj : error LNK2001: unresolved external symbol "public: virtual void __thiscall SoPointSet::GLRender(class SoGLRenderAction *)" (?GLRender@SoPointSet@@UAEXPAVSoGLRenderAction@@@Z)
Painter.obj : error LNK2001: unresolved external symbol "public: virtual void __thiscall SoPointSet::getBoundingBox(class SoGetBoundingBoxAction *)" (?getBoundingBox@SoPointSet@@UAEXPAVSoGetBoundingBoxAction@@@Z)
Painter.obj : error LNK2001: unresolved external symbol "public: virtual void __thiscall SoPointSet::getPrimitiveCount(class SoGetPrimitiveCountAction *)" (?getPrimitiveCount@SoPointSet@@UAEXPAVSoGetPrimitiveCountAction@@@Z)
Painter.obj : error LNK2001: unresolved external symbol "protected: virtual void __thiscall SoPointSet::generatePrimitives(class SoAction *)" (?generatePrimitives@SoPointSet@@MAEXPAVSoAction@@@Z)
Painter.obj : error LNK2001: unresolved external symbol "protected: virtual void __thiscall SoPointSet::computeBBox(class SoAction *,class SbBox3f &,class SbVec3f &)" (?computeBBox@SoPointSet@@MAEXPAVSoAction@@AAVSbBox3f@@AAVSbVec3f@@@Z)
Painter.obj : error LNK2001: unresolved external symbol "protected: virtual int __thiscall SoPointSet::generateDefaultNormals(class SoState *,class SoNormalBundle *)" (?generateDefaultNormals@SoPointSet@@MAEHPAVSoState@@PAVSoNormalBundle@@@Z)
Painter.obj : error LNK2001: unresolved external symbol "protected: virtual int __thiscall SoPointSet::generateDefaultNormals(class SoState *,class SoNormalCache *)" (?generateDefaultNormals@SoPointSet@@MAEHPAVSoState@@PAVSoNormalCache@@@Z)
Painter.obj : error LNK2001: unresolved external symbol "public: virtual void __thiscall SoVertexShape::notify(class SoNotList *)" (?notify@SoVertexShape@@UAEXPAVSoNotList@@@Z)
Painter.obj : error LNK2001: unresolved external symbol "public: virtual void __thiscall SoVertexShape::write(class SoWriteAction *)" (?write@SoVertexShape@@UAEXPAVSoWriteAction@@@Z)
Painter.obj : error LNK2001: unresolved external symbol "protected: virtual int __thiscall SoVertexShape::shouldGLRender(class SoGLRenderAction *)" (?shouldGLRender@SoVertexShape@@MAEHPAVSoGLRenderAction@@@Z)
D:\others\_METU\ceng_metu\third_semester\CENG589 Digital Geometry Processing\term_project\term_project\Debug\term_project.exe : fatal error LNK1120: 295 unresolved externals
