d:\others\_metu\ceng_metu\third_semester\ceng589 digital geometry processing\term_project\term_project\release\vc143.pdb
d:\others\_metu\ceng_metu\third_semester\ceng589 digital geometry processing\term_project\term_project\release\sampling.obj
d:\others\_metu\ceng_metu\third_semester\ceng589 digital geometry processing\term_project\term_project\release\painter.obj
d:\others\_metu\ceng_metu\third_semester\ceng589 digital geometry processing\term_project\term_project\release\mobiussymmetrydetector.obj
d:\others\_metu\ceng_metu\third_semester\ceng589 digital geometry processing\term_project\term_project\release\mesh.obj
d:\others\_metu\ceng_metu\third_semester\ceng589 digital geometry processing\term_project\term_project\release\main.obj
d:\others\_metu\ceng_metu\third_semester\ceng589 digital geometry processing\term_project\term_project\release\intrinsicsymmetrydetector.obj
d:\others\_metu\ceng_metu\third_semester\ceng589 digital geometry processing\term_project\term_project\release\distancematrixmanager.obj
d:\others\_metu\ceng_metu\third_semester\ceng589 digital geometry processing\term_project\term_project\release\display.obj
d:\others\_metu\ceng_metu\third_semester\ceng589 digital geometry processing\term_project\term_project\release\dijkstra.obj
d:\others\_metu\ceng_metu\third_semester\ceng589 digital geometry processing\term_project\release\term_project.exe
d:\others\_metu\ceng_metu\third_semester\ceng589 digital geometry processing\term_project\release\term_project.pdb
d:\others\_metu\ceng_metu\third_semester\ceng589 digital geometry processing\term_project\term_project\release\term_project.ipdb
d:\others\_metu\ceng_metu\third_semester\ceng589 digital geometry processing\term_project\term_project\release\term_project.iobj
d:\others\_metu\ceng_metu\third_semester\ceng589 digital geometry processing\term_project\term_project\release\term_project.tlog\cl.command.1.tlog
d:\others\_metu\ceng_metu\third_semester\ceng589 digital geometry processing\term_project\term_project\release\term_project.tlog\cl.items.tlog
d:\others\_metu\ceng_metu\third_semester\ceng589 digital geometry processing\term_project\term_project\release\term_project.tlog\cl.read.1.tlog
d:\others\_metu\ceng_metu\third_semester\ceng589 digital geometry processing\term_project\term_project\release\term_project.tlog\cl.write.1.tlog
d:\others\_metu\ceng_metu\third_semester\ceng589 digital geometry processing\term_project\term_project\release\term_project.tlog\link.command.1.tlog
d:\others\_metu\ceng_metu\third_semester\ceng589 digital geometry processing\term_project\term_project\release\term_project.tlog\link.read.1.tlog
d:\others\_metu\ceng_metu\third_semester\ceng589 digital geometry processing\term_project\term_project\release\term_project.tlog\link.secondary.1.tlog
d:\others\_metu\ceng_metu\third_semester\ceng589 digital geometry processing\term_project\term_project\release\term_project.tlog\link.write.1.tlog
