d:\others\_metu\ceng_metu\third_semester\ceng589 digital geometry processing\term_project\term_project\debug\vc143.pdb
d:\others\_metu\ceng_metu\third_semester\ceng589 digital geometry processing\term_project\term_project\debug\vc143.idb
d:\others\_metu\ceng_metu\third_semester\ceng589 digital geometry processing\term_project\term_project\debug\sampling.obj
d:\others\_metu\ceng_metu\third_semester\ceng589 digital geometry processing\term_project\term_project\debug\painter.obj
d:\others\_metu\ceng_metu\third_semester\ceng589 digital geometry processing\term_project\term_project\debug\mesh.obj
d:\others\_metu\ceng_metu\third_semester\ceng589 digital geometry processing\term_project\term_project\debug\main.obj
d:\others\_metu\ceng_metu\third_semester\ceng589 digital geometry processing\term_project\term_project\debug\isocurve.obj
d:\others\_metu\ceng_metu\third_semester\ceng589 digital geometry processing\term_project\term_project\debug\intrinsicsymmetrydetector.obj
d:\others\_metu\ceng_metu\third_semester\ceng589 digital geometry processing\term_project\term_project\debug\distancematrixmanager.obj
d:\others\_metu\ceng_metu\third_semester\ceng589 digital geometry processing\term_project\term_project\debug\display.obj
d:\others\_metu\ceng_metu\third_semester\ceng589 digital geometry processing\term_project\term_project\debug\dijkstra.obj
d:\others\_metu\ceng_metu\third_semester\ceng589 digital geometry processing\term_project\debug\term_project.exe
d:\others\_metu\ceng_metu\third_semester\ceng589 digital geometry processing\term_project\debug\term_project.pdb
d:\others\_metu\ceng_metu\third_semester\ceng589 digital geometry processing\term_project\term_project\debug\term_project.ilk
d:\others\_metu\ceng_metu\third_semester\ceng589 digital geometry processing\term_project\term_project\debug\term_project.tlog\cl.command.1.tlog
d:\others\_metu\ceng_metu\third_semester\ceng589 digital geometry processing\term_project\term_project\debug\term_project.tlog\cl.items.tlog
d:\others\_metu\ceng_metu\third_semester\ceng589 digital geometry processing\term_project\term_project\debug\term_project.tlog\cl.read.1.tlog
d:\others\_metu\ceng_metu\third_semester\ceng589 digital geometry processing\term_project\term_project\debug\term_project.tlog\cl.write.1.tlog
d:\others\_metu\ceng_metu\third_semester\ceng589 digital geometry processing\term_project\term_project\debug\term_project.tlog\link.command.1.tlog
d:\others\_metu\ceng_metu\third_semester\ceng589 digital geometry processing\term_project\term_project\debug\term_project.tlog\link.read.1.tlog
d:\others\_metu\ceng_metu\third_semester\ceng589 digital geometry processing\term_project\term_project\debug\term_project.tlog\link.secondary.1.tlog
d:\others\_metu\ceng_metu\third_semester\ceng589 digital geometry processing\term_project\term_project\debug\term_project.tlog\link.write.1.tlog
