  Dijkstra.cpp
  Display.cpp
  DistanceMatrixManager.cpp
D:\others\_METU\ceng_metu\third_semester\CENG589 Digital Geometry Processing\term_project\term_project\DistanceMatrixManager.cpp(19,20): warning C4244: 'return': conversion from '_Ty' to 'int', possible loss of data
D:\others\_METU\ceng_metu\third_semester\CENG589 Digital Geometry Processing\term_project\term_project\DistanceMatrixManager.cpp(19,20): warning C4244:         with
D:\others\_METU\ceng_metu\third_semester\CENG589 Digital Geometry Processing\term_project\term_project\DistanceMatrixManager.cpp(19,20): warning C4244:         [
D:\others\_METU\ceng_metu\third_semester\CENG589 Digital Geometry Processing\term_project\term_project\DistanceMatrixManager.cpp(19,20): warning C4244:             _Ty=float
D:\others\_METU\ceng_metu\third_semester\CENG589 Digital Geometry Processing\term_project\term_project\DistanceMatrixManager.cpp(19,20): warning C4244:         ]
D:\others\_METU\ceng_metu\third_semester\CENG589 Digital Geometry Processing\term_project\term_project\DistanceMatrixManager.cpp(34,23): warning C4244: 'initializing': conversion from '_Ty' to 'int', possible loss of data
D:\others\_METU\ceng_metu\third_semester\CENG589 Digital Geometry Processing\term_project\term_project\DistanceMatrixManager.cpp(34,23): warning C4244:         with
D:\others\_METU\ceng_metu\third_semester\CENG589 Digital Geometry Processing\term_project\term_project\DistanceMatrixManager.cpp(34,23): warning C4244:         [
D:\others\_METU\ceng_metu\third_semester\CENG589 Digital Geometry Processing\term_project\term_project\DistanceMatrixManager.cpp(34,23): warning C4244:             _Ty=float
D:\others\_METU\ceng_metu\third_semester\CENG589 Digital Geometry Processing\term_project\term_project\DistanceMatrixManager.cpp(34,23): warning C4244:         ]
D:\others\_METU\ceng_metu\third_semester\CENG589 Digital Geometry Processing\term_project\term_project\DistanceMatrixManager.cpp(40,20): warning C4244: 'initializing': conversion from 'float' to 'int', possible loss of data
  Isocurve.cpp
D:\others\_METU\ceng_metu\third_semester\CENG589 Digital Geometry Processing\term_project\term_project\Isocurve.cpp(77,23): warning C4018: '<': signed/unsigned mismatch
D:\others\_METU\ceng_metu\third_semester\CENG589 Digital Geometry Processing\term_project\term_project\Isocurve.cpp(86,21): warning C4018: '<': signed/unsigned mismatch
D:\others\_METU\ceng_metu\third_semester\CENG589 Digital Geometry Processing\term_project\term_project\Isocurve.cpp(176,23): warning C4018: '<': signed/unsigned mismatch
D:\others\_METU\ceng_metu\third_semester\CENG589 Digital Geometry Processing\term_project\term_project\Isocurve.cpp(177,31): warning C4018: '<': signed/unsigned mismatch
D:\others\_METU\ceng_metu\third_semester\CENG589 Digital Geometry Processing\term_project\term_project\Isocurve.cpp(181,36): warning C4244: '=': conversion from 'double' to 'float', possible loss of data
D:\others\_METU\ceng_metu\third_semester\CENG589 Digital Geometry Processing\term_project\term_project\Isocurve.cpp(208,23): warning C4018: '<': signed/unsigned mismatch
D:\others\_METU\ceng_metu\third_semester\CENG589 Digital Geometry Processing\term_project\term_project\Isocurve.cpp(209,31): warning C4018: '<': signed/unsigned mismatch
D:\others\_METU\ceng_metu\third_semester\CENG589 Digital Geometry Processing\term_project\term_project\Isocurve.cpp(214,36): warning C4244: '=': conversion from 'double' to 'float', possible loss of data
D:\others\_METU\ceng_metu\third_semester\CENG589 Digital Geometry Processing\term_project\term_project\Isocurve.cpp(238,23): warning C4018: '<': signed/unsigned mismatch
D:\others\_METU\ceng_metu\third_semester\CENG589 Digital Geometry Processing\term_project\term_project\Isocurve.cpp(239,31): warning C4018: '<': signed/unsigned mismatch
D:\others\_METU\ceng_metu\third_semester\CENG589 Digital Geometry Processing\term_project\term_project\Isocurve.cpp(244,33): warning C4244: '=': conversion from 'double' to 'float', possible loss of data
D:\others\_METU\ceng_metu\third_semester\CENG589 Digital Geometry Processing\term_project\term_project\Isocurve.cpp(285,23): warning C4018: '<': signed/unsigned mismatch
D:\others\_METU\ceng_metu\third_semester\CENG589 Digital Geometry Processing\term_project\term_project\Isocurve.cpp(286,31): warning C4018: '<': signed/unsigned mismatch
D:\others\_METU\ceng_metu\third_semester\CENG589 Digital Geometry Processing\term_project\term_project\Isocurve.cpp(290,33): warning C4244: '=': conversion from 'double' to 'float', possible loss of data
D:\others\_METU\ceng_metu\third_semester\CENG589 Digital Geometry Processing\term_project\term_project\Isocurve.cpp(302,23): warning C4018: '<': signed/unsigned mismatch
D:\others\_METU\ceng_metu\third_semester\CENG589 Digital Geometry Processing\term_project\term_project\Isocurve.cpp(304,29): warning C4244: 'initializing': conversion from 'int' to 'float', possible loss of data
D:\others\_METU\ceng_metu\third_semester\CENG589 Digital Geometry Processing\term_project\term_project\Isocurve.cpp(312,23): warning C4018: '<': signed/unsigned mismatch
D:\others\_METU\ceng_metu\third_semester\CENG589 Digital Geometry Processing\term_project\term_project\Isocurve.cpp(313,31): warning C4018: '<': signed/unsigned mismatch
D:\others\_METU\ceng_metu\third_semester\CENG589 Digital Geometry Processing\term_project\term_project\Isocurve.cpp(317,27): warning C4244: 'initializing': conversion from 'int' to 'float', possible loss of data
D:\others\_METU\ceng_metu\third_semester\CENG589 Digital Geometry Processing\term_project\term_project\Isocurve.cpp(361,23): warning C4018: '<': signed/unsigned mismatch
D:\others\_METU\ceng_metu\third_semester\CENG589 Digital Geometry Processing\term_project\term_project\Isocurve.cpp(365,27): warning C4018: '<': signed/unsigned mismatch
D:\others\_METU\ceng_metu\third_semester\CENG589 Digital Geometry Processing\term_project\term_project\Isocurve.cpp(401,27): warning C4018: '<': signed/unsigned mismatch
D:\others\_METU\ceng_metu\third_semester\CENG589 Digital Geometry Processing\term_project\term_project\Isocurve.cpp(489,23): warning C4018: '<': signed/unsigned mismatch
D:\others\_METU\ceng_metu\third_semester\CENG589 Digital Geometry Processing\term_project\term_project\Isocurve.cpp(523,27): warning C4018: '<': signed/unsigned mismatch
D:\others\_METU\ceng_metu\third_semester\CENG589 Digital Geometry Processing\term_project\term_project\Isocurve.cpp(627,18): warning C4305: 'initializing': truncation from 'double' to 'float'
D:\others\_METU\ceng_metu\third_semester\CENG589 Digital Geometry Processing\term_project\term_project\Isocurve.cpp(627,38): warning C4305: '+=': truncation from 'double' to 'float'
D:\others\_METU\ceng_metu\third_semester\CENG589 Digital Geometry Processing\term_project\term_project\Isocurve.cpp(633,23): warning C4018: '<': signed/unsigned mismatch
D:\others\_METU\ceng_metu\third_semester\CENG589 Digital Geometry Processing\term_project\term_project\Isocurve.cpp(638,27): warning C4018: '<': signed/unsigned mismatch
D:\others\_METU\ceng_metu\third_semester\CENG589 Digital Geometry Processing\term_project\term_project\Isocurve.cpp(652,23): warning C4018: '<': signed/unsigned mismatch
D:\others\_METU\ceng_metu\third_semester\CENG589 Digital Geometry Processing\term_project\term_project\Isocurve.cpp(660,18): warning C4018: '<': signed/unsigned mismatch
D:\others\_METU\ceng_metu\third_semester\CENG589 Digital Geometry Processing\term_project\term_project\Isocurve.cpp(689,23): warning C4018: '<': signed/unsigned mismatch
D:\others\_METU\ceng_metu\third_semester\CENG589 Digital Geometry Processing\term_project\term_project\Isocurve.cpp(801,20): warning C4244: 'initializing': conversion from 'int' to 'float', possible loss of data
D:\others\_METU\ceng_metu\third_semester\CENG589 Digital Geometry Processing\term_project\term_project\Isocurve.cpp(811,23): warning C4018: '<': signed/unsigned mismatch
D:\others\_METU\ceng_metu\third_semester\CENG589 Digital Geometry Processing\term_project\term_project\Isocurve.cpp(815,27): warning C4018: '<': signed/unsigned mismatch
D:\others\_METU\ceng_metu\third_semester\CENG589 Digital Geometry Processing\term_project\term_project\Isocurve.cpp(822,31): warning C4018: '<': signed/unsigned mismatch
D:\others\_METU\ceng_metu\third_semester\CENG589 Digital Geometry Processing\term_project\term_project\Isocurve.cpp(837,34): warning C4244: 'initializing': conversion from 'double' to 'float', possible loss of data
D:\others\_METU\ceng_metu\third_semester\CENG589 Digital Geometry Processing\term_project\term_project\Isocurve.cpp(893,22): warning C4018: '<': signed/unsigned mismatch
D:\others\_METU\ceng_metu\third_semester\CENG589 Digital Geometry Processing\term_project\term_project\Isocurve.cpp(897,27): warning C4018: '<': signed/unsigned mismatch
D:\others\_METU\ceng_metu\third_semester\CENG589 Digital Geometry Processing\term_project\term_project\Isocurve.cpp(915,23): warning C4018: '<': signed/unsigned mismatch
D:\others\_METU\ceng_metu\third_semester\CENG589 Digital Geometry Processing\term_project\term_project\Isocurve.cpp(924,31): warning C4018: '<': signed/unsigned mismatch
D:\others\_METU\ceng_metu\third_semester\CENG589 Digital Geometry Processing\term_project\term_project\Isocurve.cpp(961,23): warning C4018: '<': signed/unsigned mismatch
D:\others\_METU\ceng_metu\third_semester\CENG589 Digital Geometry Processing\term_project\term_project\Isocurve.cpp(963,27): warning C4018: '<': signed/unsigned mismatch
D:\others\_METU\ceng_metu\third_semester\CENG589 Digital Geometry Processing\term_project\term_project\Isocurve.cpp(967,35): warning C4018: '<': signed/unsigned mismatch
D:\others\_METU\ceng_metu\third_semester\CENG589 Digital Geometry Processing\term_project\term_project\Isocurve.cpp(1000,22): warning C4244: 'initializing': conversion from 'float' to 'int', possible loss of data
D:\others\_METU\ceng_metu\third_semester\CENG589 Digital Geometry Processing\term_project\term_project\Isocurve.cpp(1006,38): warning C4244: '=': conversion from 'double' to 'int', possible loss of data
D:\others\_METU\ceng_metu\third_semester\CENG589 Digital Geometry Processing\term_project\term_project\Isocurve.cpp(1010,38): warning C4244: '=': conversion from 'double' to 'int', possible loss of data
  main.cpp
  Mesh.cpp
D:\others\_METU\ceng_metu\third_semester\CENG589 Digital Geometry Processing\term_project\term_project\Mesh.cpp(49,20): warning C4018: '<': signed/unsigned mismatch
D:\others\_METU\ceng_metu\third_semester\CENG589 Digital Geometry Processing\term_project\term_project\Mesh.cpp(51,20): warning C4018: '<': signed/unsigned mismatch
D:\others\_METU\ceng_metu\third_semester\CENG589 Digital Geometry Processing\term_project\term_project\Mesh.cpp(135,20): warning C4018: '<': signed/unsigned mismatch
D:\others\_METU\ceng_metu\third_semester\CENG589 Digital Geometry Processing\term_project\term_project\Mesh.cpp(168,7): warning C4244: 'return': conversion from 'double' to 'float', possible loss of data
  Painter.cpp
D:\others\_METU\ceng_metu\third_semester\CENG589 Digital Geometry Processing\term_project\term_project\Painter.cpp(14,23): warning C4244: 'argument': conversion from 'int' to 'const float', possible loss of data
D:\others\_METU\ceng_metu\third_semester\CENG589 Digital Geometry Processing\term_project\term_project\Painter.cpp(14,20): warning C4244: 'argument': conversion from 'int' to 'const float', possible loss of data
D:\others\_METU\ceng_metu\third_semester\CENG589 Digital Geometry Processing\term_project\term_project\Painter.cpp(14,17): warning C4244: 'argument': conversion from 'int' to 'const float', possible loss of data
D:\others\_METU\ceng_metu\third_semester\CENG589 Digital Geometry Processing\term_project\term_project\Painter.cpp(90,23): warning C4305: 'argument': truncation from 'double' to 'float'
D:\others\_METU\ceng_metu\third_semester\CENG589 Digital Geometry Processing\term_project\term_project\Painter.cpp(102,20): warning C4018: '<': signed/unsigned mismatch
D:\others\_METU\ceng_metu\third_semester\CENG589 Digital Geometry Processing\term_project\term_project\Painter.cpp(105,20): warning C4018: '<': signed/unsigned mismatch
D:\others\_METU\ceng_metu\third_semester\CENG589 Digital Geometry Processing\term_project\term_project\Painter.cpp(124,20): warning C4018: '<': signed/unsigned mismatch
D:\others\_METU\ceng_metu\third_semester\CENG589 Digital Geometry Processing\term_project\term_project\Painter.cpp(190,22): warning C4018: '<': signed/unsigned mismatch
D:\others\_METU\ceng_metu\third_semester\CENG589 Digital Geometry Processing\term_project\term_project\Painter.cpp(220,22): warning C4018: '<': signed/unsigned mismatch
  Sampling.cpp
D:\others\_METU\ceng_metu\third_semester\CENG589 Digital Geometry Processing\term_project\term_project\Sampling.cpp(76,20): warning C4018: '<': signed/unsigned mismatch
Display.obj : error LNK2001: unresolved external symbol "__declspec(dllimport) protected: virtual void __thiscall SoWinFullViewer::rightWheelFinish(void)" (__imp_?rightWheelFinish@SoWinFullViewer@@MAEXXZ)
Display.obj : error LNK2001: unresolved external symbol "__declspec(dllimport) protected: virtual void __thiscall SoWinFullViewer::rightWheelStart(void)" (__imp_?rightWheelStart@SoWinFullViewer@@MAEXXZ)
Display.obj : error LNK2001: unresolved external symbol "__declspec(dllimport) protected: virtual void __thiscall SoWinFullViewer::bottomWheelFinish(void)" (__imp_?bottomWheelFinish@SoWinFullViewer@@MAEXXZ)
Display.obj : error LNK2001: unresolved external symbol "__declspec(dllimport) protected: virtual void __thiscall SoWinFullViewer::bottomWheelStart(void)" (__imp_?bottomWheelStart@SoWinFullViewer@@MAEXXZ)
Display.obj : error LNK2001: unresolved external symbol "__declspec(dllimport) protected: virtual void __thiscall SoWinFullViewer::leftWheelFinish(void)" (__imp_?leftWheelFinish@SoWinFullViewer@@MAEXXZ)
Display.obj : error LNK2001: unresolved external symbol "__declspec(dllimport) protected: virtual void __thiscall SoWinFullViewer::leftWheelStart(void)" (__imp_?leftWheelStart@SoWinFullViewer@@MAEXXZ)
Display.obj : error LNK2001: unresolved external symbol "__declspec(dllimport) protected: virtual void __thiscall SoWinFullViewer::openPopupMenu(class SbVec2s)" (__imp_?openPopupMenu@SoWinFullViewer@@MAEXVSbVec2s@@@Z)
Display.obj : error LNK2001: unresolved external symbol "__declspec(dllimport) protected: virtual void __thiscall SoWinFullViewer::setPopupMenuString(char const *)" (__imp_?setPopupMenuString@SoWinFullViewer@@MAEXPBD@Z)
Display.obj : error LNK2001: unresolved external symbol "__declspec(dllimport) protected: virtual void __thiscall SoWinFullViewer::buildPopupMenu(void)" (__imp_?buildPopupMenu@SoWinFullViewer@@MAEXXZ)
Display.obj : error LNK2001: unresolved external symbol "__declspec(dllimport) protected: virtual struct HWND__ * __thiscall SoWinFullViewer::buildRightTrim(struct HWND__ *)" (__imp_?buildRightTrim@SoWinFullViewer@@MAEPAUHWND__@@PAU2@@Z)
Display.obj : error LNK2001: unresolved external symbol "__declspec(dllimport) protected: virtual struct HWND__ * __thiscall SoWinFullViewer::buildBottomTrim(struct HWND__ *)" (__imp_?buildBottomTrim@SoWinFullViewer@@MAEPAUHWND__@@PAU2@@Z)
Display.obj : error LNK2001: unresolved external symbol "__declspec(dllimport) protected: virtual struct HWND__ * __thiscall SoWinFullViewer::buildLeftTrim(struct HWND__ *)" (__imp_?buildLeftTrim@SoWinFullViewer@@MAEPAUHWND__@@PAU2@@Z)
Display.obj : error LNK2001: unresolved external symbol "__declspec(dllimport) protected: virtual void __thiscall SoWinFullViewer::buildDecoration(struct HWND__ *)" (__imp_?buildDecoration@SoWinFullViewer@@MAEXPAUHWND__@@@Z)
Display.obj : error LNK2001: unresolved external symbol "__declspec(dllimport) protected: virtual void __thiscall SoWinFullViewer::sizeChanged(class SbVec2s const &)" (__imp_?sizeChanged@SoWinFullViewer@@MAEXABVSbVec2s@@@Z)
Display.obj : error LNK2001: unresolved external symbol "__declspec(dllimport) public: virtual void __thiscall SoWinFullViewer::setComponentCursor(class SoWinCursor const &)" (__imp_?setComponentCursor@SoWinFullViewer@@UAEXABVSoWinCursor@@@Z)
Display.obj : error LNK2001: unresolved external symbol "__declspec(dllimport) public: virtual void __thiscall SoFieldContainer::addWriteReference(class SoOutput *,int)" (__imp_?addWriteReference@SoFieldContainer@@UAEXPAVSoOutput@@H@Z)
Display.obj : error LNK2001: unresolved external symbol "__declspec(dllimport) public: virtual int __thiscall SoFieldContainer::validateNewFieldValue(class SoField *,void *)" (__imp_?validateNewFieldValue@SoFieldContainer@@UAEHPAVSoField@@PAX@Z)
Display.obj : error LNK2001: unresolved external symbol "__declspec(dllimport) public: virtual class SoField * __thiscall SoFieldContainer::getEventOut(class SbName const &)const " (__imp_?getEventOut@SoFieldContainer@@UBEPAVSoField@@ABVSbName@@@Z)
Display.obj : error LNK2001: unresolved external symbol "__declspec(dllimport) public: virtual class SoField * __thiscall SoFieldContainer::getEventIn(class SbName const &)const " (__imp_?getEventIn@SoFieldContainer@@UBEPAVSoField@@ABVSbName@@@Z)
Display.obj : error LNK2001: unresolved external symbol "__declspec(dllimport) public: virtual class SoField * __thiscall SoFieldContainer::getField(class SbName const &)const " (__imp_?getField@SoFieldContainer@@UBEPAVSoField@@ABVSbName@@@Z)
Display.obj : error LNK2001: unresolved external symbol "__declspec(dllimport) public: virtual int __thiscall SoFieldContainer::getAllFields(class SoFieldList &)const " (__imp_?getAllFields@SoFieldContainer@@UBEHAAVSoFieldList@@@Z)
Display.obj : error LNK2001: unresolved external symbol "__declspec(dllimport) public: virtual int __thiscall SoFieldContainer::getFields(class SoFieldList &)const " (__imp_?getFields@SoFieldContainer@@UBEHAAVSoFieldList@@@Z)
Display.obj : error LNK2001: unresolved external symbol "__declspec(dllimport) public: __thiscall SbVec2s::SbVec2s(short,short)" (__imp_??0SbVec2s@@QAE@FF@Z)
Display.obj : error LNK2001: unresolved external symbol "__declspec(dllimport) protected: virtual void __thiscall SoWinViewer::changeCameraValues(class SoCamera *)" (__imp_?changeCameraValues@SoWinViewer@@MAEXPAVSoCamera@@@Z)
Display.obj : error LNK2001: unresolved external symbol "__declspec(dllimport) protected: virtual void __thiscall SoWinViewer::computeSeekFinalOrientation(void)" (__imp_?computeSeekFinalOrientation@SoWinViewer@@MAEXXZ)
Display.obj : error LNK2001: unresolved external symbol "__declspec(dllimport) public: virtual class SoNode * __thiscall SoWinViewer::getSceneGraph(void)" (__imp_?getSceneGraph@SoWinViewer@@UAEPAVSoNode@@XZ)
Display.obj : error LNK2001: unresolved external symbol "__declspec(dllimport) public: virtual void __thiscall SoWinViewer::setSceneGraph(class SoNode *)" (__imp_?setSceneGraph@SoWinViewer@@UAEXPAVSoNode@@@Z)
Display.obj : error LNK2001: unresolved external symbol "__declspec(dllimport) public: virtual void __thiscall SoWinViewer::setDoubleBuffer(int)" (__imp_?setDoubleBuffer@SoWinViewer@@UAEXH@Z)
Display.obj : error LNK2001: unresolved external symbol "__declspec(dllimport) public: virtual void __thiscall SoWinViewer::setStereoOffset(float)" (__imp_?setStereoOffset@SoWinViewer@@UAEXM@Z)
Display.obj : error LNK2001: unresolved external symbol "__declspec(dllimport) public: virtual void __thiscall SoWinViewer::setStereoViewing(int)" (__imp_?setStereoViewing@SoWinViewer@@UAEXH@Z)
Display.obj : error LNK2001: unresolved external symbol "__declspec(dllimport) public: virtual void __thiscall SoWinViewer::setBufferingType(enum SoWinViewer::BufferType)" (__imp_?setBufferingType@SoWinViewer@@UAEXW4BufferType@1@@Z)
Display.obj : error LNK2001: unresolved external symbol "__declspec(dllimport) public: virtual void __thiscall SoWinViewer::setDrawStyle(enum SoWinViewer::DrawType,enum SoWinViewer::DrawStyle)" (__imp_?setDrawStyle@SoWinViewer@@UAEXW4DrawType@1@W4DrawStyle@1@@Z)
Display.obj : error LNK2001: unresolved external symbol "__declspec(dllimport) public: virtual void __thiscall SoWinViewer::setHeadlight(int)" (__imp_?setHeadlight@SoWinViewer@@UAEXH@Z)
Display.obj : error LNK2001: unresolved external symbol "__declspec(dllimport) public: virtual void __thiscall SoWinViewer::resetToHomePosition(void)" (__imp_?resetToHomePosition@SoWinViewer@@UAEXXZ)
Display.obj : error LNK2001: unresolved external symbol "__declspec(dllimport) public: virtual void __thiscall SoWinViewer::saveHomePosition(void)" (__imp_?saveHomePosition@SoWinViewer@@UAEXXZ)
Display.obj : error LNK2001: unresolved external symbol "__declspec(dllimport) public: virtual void __thiscall SoWinViewer::viewAll(void)" (__imp_?viewAll@SoWinViewer@@UAEXXZ)
Display.obj : error LNK2001: unresolved external symbol "__declspec(dllimport) public: virtual void __thiscall SoWinViewer::toggleCameraType(void)" (__imp_?toggleCameraType@SoWinViewer@@UAEXXZ)
Display.obj : error LNK2001: unresolved external symbol "__declspec(dllimport) public: virtual void __thiscall SoWinViewer::setCameraType(class SoType)" (__imp_?setCameraType@SoWinViewer@@UAEXVSoType@@@Z)
Display.obj : error LNK2001: unresolved external symbol "__declspec(dllimport) protected: virtual int __thiscall SoWinRenderArea::glScheduleRedraw(void)" (__imp_?glScheduleRedraw@SoWinRenderArea@@MAEHXZ)
Display.obj : error LNK2001: unresolved external symbol "__declspec(dllimport) protected: virtual void __thiscall SoWinRenderArea::widgetChanged(struct HWND__ *)" (__imp_?widgetChanged@SoWinRenderArea@@MAEXPAUHWND__@@@Z)
Display.obj : error LNK2001: unresolved external symbol "__declspec(dllimport) protected: virtual void __thiscall SoWinRenderArea::initOverlayGraphic(void)" (__imp_?initOverlayGraphic@SoWinRenderArea@@MAEXXZ)
Display.obj : error LNK2001: unresolved external symbol "__declspec(dllimport) protected: virtual void __thiscall SoWinRenderArea::initGraphic(void)" (__imp_?initGraphic@SoWinRenderArea@@MAEXXZ)
Display.obj : error LNK2001: unresolved external symbol "__declspec(dllimport) protected: virtual void __thiscall SoWinRenderArea::processEvent(struct tagMSG *)" (__imp_?processEvent@SoWinRenderArea@@MAEXPAUtagMSG@@@Z)
Display.obj : error LNK2001: unresolved external symbol "__declspec(dllimport) protected: virtual void __thiscall SoWinRenderArea::actualOverlayRedraw(void)" (__imp_?actualOverlayRedraw@SoWinRenderArea@@MAEXXZ)
Display.obj : error LNK2001: unresolved external symbol "__declspec(dllimport) protected: virtual void __thiscall SoWinRenderArea::redrawOverlay(void)" (__imp_?redrawOverlay@SoWinRenderArea@@MAEXXZ)
Display.obj : error LNK2001: unresolved external symbol "__declspec(dllimport) protected: virtual void __thiscall SoWinRenderArea::redraw(void)" (__imp_?redraw@SoWinRenderArea@@MAEXXZ)
Display.obj : error LNK2001: unresolved external symbol "__declspec(dllimport) public: virtual class SoFieldContainer * __thiscall SoNode::copyThroughConnection(void)const " (__imp_?copyThroughConnection@SoNode@@UBEPAVSoFieldContainer@@XZ)
Display.obj : error LNK2001: unresolved external symbol "__declspec(dllimport) public: virtual class SoNode * __thiscall SoNode::addToCopyDict(void)const " (__imp_?addToCopyDict@SoNode@@UBEPAV1@XZ)
Display.obj : error LNK2001: unresolved external symbol "__declspec(dllimport) public: virtual void __thiscall SoNode::writeInstance(class SoOutput *)" (__imp_?writeInstance@SoNode@@UAEXPAVSoOutput@@@Z)
Display.obj : error LNK2001: unresolved external symbol "__declspec(dllimport) public: virtual void __thiscall SoNode::startNotify(void)" (__imp_?startNotify@SoNode@@UAEXXZ)
Display.obj : error LNK2001: unresolved external symbol "__declspec(dllimport) public: virtual void __thiscall SoNode::grabEventsCleanup(void)" (__imp_?grabEventsCleanup@SoNode@@UAEXXZ)
Display.obj : error LNK2001: unresolved external symbol "__declspec(dllimport) public: virtual void __thiscall SoNode::grabEventsSetup(void)" (__imp_?grabEventsSetup@SoNode@@UAEXXZ)
Display.obj : error LNK2001: unresolved external symbol "__declspec(dllimport) public: virtual class SoNode * __thiscall SoNode::copy(int)const " (__imp_?copy@SoNode@@UBEPAV1@H@Z)
Display.obj : error LNK2001: unresolved external symbol "__declspec(dllimport) protected: virtual void __thiscall SoGroup::copyContents(class SoFieldContainer const *,int)" (__imp_?copyContents@SoGroup@@MAEXPBVSoFieldContainer@@H@Z)
Display.obj : error LNK2001: unresolved external symbol "__declspec(dllimport) protected: virtual int __thiscall SoGroup::readChildren(class SoInput *)" (__imp_?readChildren@SoGroup@@MAEHPAVSoInput@@@Z)
Display.obj : error LNK2001: unresolved external symbol "__declspec(dllimport) public: virtual class SoChildList * __thiscall SoGroup::getChildren(void)const " (__imp_?getChildren@SoGroup@@UBEPAVSoChildList@@XZ)
Display.obj : error LNK2001: unresolved external symbol "__declspec(dllimport) public: virtual void __thiscall SoGroup::write(class SoWriteAction *)" (__imp_?write@SoGroup@@UAEXPAVSoWriteAction@@@Z)
Display.obj : error LNK2001: unresolved external symbol "__declspec(dllimport) public: virtual void __thiscall SoGroup::pick(class SoPickAction *)" (__imp_?pick@SoGroup@@UAEXPAVSoPickAction@@@Z)
Display.obj : error LNK2001: unresolved external symbol "__declspec(dllimport) public: virtual void __thiscall SoGroup::replaceChild(int,class SoNode *)" (__imp_?replaceChild@SoGroup@@UAEXHPAVSoNode@@@Z)
Display.obj : error LNK2001: unresolved external symbol "__declspec(dllimport) public: virtual void __thiscall SoGroup::replaceChild(class SoNode *,class SoNode *)" (__imp_?replaceChild@SoGroup@@UAEXPAVSoNode@@0@Z)
Display.obj : error LNK2001: unresolved external symbol "__declspec(dllimport) public: virtual void __thiscall SoGroup::removeAllChildren(void)" (__imp_?removeAllChildren@SoGroup@@UAEXXZ)
Display.obj : error LNK2001: unresolved external symbol "__declspec(dllimport) public: virtual void __thiscall SoGroup::removeChild(int)" (__imp_?removeChild@SoGroup@@UAEXH@Z)
Display.obj : error LNK2001: unresolved external symbol "__declspec(dllimport) public: virtual void __thiscall SoGroup::removeChild(class SoNode *)" (__imp_?removeChild@SoGroup@@UAEXPAVSoNode@@@Z)
Display.obj : error LNK2001: unresolved external symbol "__declspec(dllimport) public: virtual int __thiscall SoGroup::getNumChildren(void)const " (__imp_?getNumChildren@SoGroup@@UBEHXZ)
Display.obj : error LNK2001: unresolved external symbol "__declspec(dllimport) public: virtual int __thiscall SoGroup::findChild(class SoNode const *)const " (__imp_?findChild@SoGroup@@UBEHPBVSoNode@@@Z)
Display.obj : error LNK2001: unresolved external symbol "__declspec(dllimport) public: virtual class SoNode * __thiscall SoGroup::getChild(int)const " (__imp_?getChild@SoGroup@@UBEPAVSoNode@@H@Z)
Display.obj : error LNK2001: unresolved external symbol "__declspec(dllimport) public: virtual void __thiscall SoGroup::insertChild(class SoNode *,int)" (__imp_?insertChild@SoGroup@@UAEXPAVSoNode@@H@Z)
Display.obj : error LNK2001: unresolved external symbol "__declspec(dllimport) public: virtual void __thiscall SoGroup::addChild(class SoNode *)" (__imp_?addChild@SoGroup@@UAEXPAVSoNode@@@Z)
Display.obj : error LNK2001: unresolved external symbol "__declspec(dllimport) protected: virtual int __thiscall SoSeparator::readInstance(class SoInput *,unsigned short)" (__imp_?readInstance@SoSeparator@@MAEHPAVSoInput@@G@Z)
Display.obj : error LNK2001: unresolved external symbol "__declspec(dllimport) protected: virtual int __thiscall SoSeparator::cullTest(class SoState *)" (__imp_?cullTest@SoSeparator@@MAEHPAVSoState@@@Z)
Display.obj : error LNK2001: unresolved external symbol "__declspec(dllimport) protected: virtual int __thiscall SoSeparator::cullTest(class SoGLRenderAction *,int &)" (__imp_?cullTest@SoSeparator@@MAEHPAVSoGLRenderAction@@AAH@Z)
Display.obj : error LNK2001: unresolved external symbol "__declspec(dllimport) protected: virtual __thiscall SoSeparator::~SoSeparator(void)" (__imp_??1SoSeparator@@MAE@XZ)
Display.obj : error LNK2001: unresolved external symbol "__declspec(dllimport) public: virtual int __thiscall SoSeparator::affectsState(void)const " (__imp_?affectsState@SoSeparator@@UBEHXZ)
Display.obj : error LNK2001: unresolved external symbol "__declspec(dllimport) public: virtual void __thiscall SoSeparator::notify(class SoNotList *)" (__imp_?notify@SoSeparator@@UAEXPAVSoNotList@@@Z)
Display.obj : error LNK2001: unresolved external symbol "__declspec(dllimport) public: virtual void __thiscall SoSeparator::audioRender(class SoAudioRenderAction *)" (__imp_?audioRender@SoSeparator@@UAEXPAVSoAudioRenderAction@@@Z)
Display.obj : error LNK2001: unresolved external symbol "__declspec(dllimport) public: virtual void __thiscall SoSeparator::getPrimitiveCount(class SoGetPrimitiveCountAction *)" (__imp_?getPrimitiveCount@SoSeparator@@UAEXPAVSoGetPrimitiveCountAction@@@Z)
Display.obj : error LNK2001: unresolved external symbol "__declspec(dllimport) public: virtual void __thiscall SoSeparator::search(class SoSearchAction *)" (__imp_?search@SoSeparator@@UAEXPAVSoSearchAction@@@Z)
Display.obj : error LNK2001: unresolved external symbol "__declspec(dllimport) public: virtual void __thiscall SoSeparator::rayPick(class SoRayPickAction *)" (__imp_?rayPick@SoSeparator@@UAEXPAVSoRayPickAction@@@Z)
Display.obj : error LNK2001: unresolved external symbol "__declspec(dllimport) public: virtual void __thiscall SoSeparator::handleEvent(class SoHandleEventAction *)" (__imp_?handleEvent@SoSeparator@@UAEXPAVSoHandleEventAction@@@Z)
Display.obj : error LNK2001: unresolved external symbol "__declspec(dllimport) public: virtual void __thiscall SoSeparator::getMatrix(class SoGetMatrixAction *)" (__imp_?getMatrix@SoSeparator@@UAEXPAVSoGetMatrixAction@@@Z)
Display.obj : error LNK2001: unresolved external symbol "__declspec(dllimport) public: virtual void __thiscall SoSeparator::getBoundingBox(class SoGetBoundingBoxAction *)" (__imp_?getBoundingBox@SoSeparator@@UAEXPAVSoGetBoundingBoxAction@@@Z)
Display.obj : error LNK2001: unresolved external symbol "__declspec(dllimport) public: virtual void __thiscall SoSeparator::callback(class SoCallbackAction *)" (__imp_?callback@SoSeparator@@UAEXPAVSoCallbackAction@@@Z)
Display.obj : error LNK2001: unresolved external symbol "__declspec(dllimport) public: virtual void __thiscall SoSeparator::GLRenderOffPath(class SoGLRenderAction *)" (__imp_?GLRenderOffPath@SoSeparator@@UAEXPAVSoGLRenderAction@@@Z)
Display.obj : error LNK2001: unresolved external symbol "__declspec(dllimport) public: virtual void __thiscall SoSeparator::GLRenderInPath(class SoGLRenderAction *)" (__imp_?GLRenderInPath@SoSeparator@@UAEXPAVSoGLRenderAction@@@Z)
Display.obj : error LNK2001: unresolved external symbol "__declspec(dllimport) public: virtual void __thiscall SoSeparator::GLRenderBelowPath(class SoGLRenderAction *)" (__imp_?GLRenderBelowPath@SoSeparator@@UAEXPAVSoGLRenderAction@@@Z)
Display.obj : error LNK2001: unresolved external symbol "__declspec(dllimport) public: virtual void __thiscall SoSeparator::GLRender(class SoGLRenderAction *)" (__imp_?GLRender@SoSeparator@@UAEXPAVSoGLRenderAction@@@Z)
Display.obj : error LNK2001: unresolved external symbol "__declspec(dllimport) public: virtual void __thiscall SoSeparator::doAction(class SoAction *)" (__imp_?doAction@SoSeparator@@UAEXPAVSoAction@@@Z)
Display.obj : error LNK2001: unresolved external symbol "__declspec(dllimport) public: __thiscall SoSeparator::SoSeparator(void)" (__imp_??0SoSeparator@@QAE@XZ)
Display.obj : error LNK2001: unresolved external symbol "__declspec(dllimport) protected: virtual class SoFieldData const * __thiscall SoSeparator::getFieldData(void)const " (__imp_?getFieldData@SoSeparator@@MBEPBVSoFieldData@@XZ)
Display.obj : error LNK2001: unresolved external symbol "__declspec(dllimport) public: virtual class SoType __thiscall SoSeparator::getTypeId(void)const " (__imp_?getTypeId@SoSeparator@@UBE?AVSoType@@XZ)
Display.obj : error LNK2001: unresolved external symbol "__declspec(dllimport) public: void __thiscall SoWinComponent::setSize(class SbVec2s)" (__imp_?setSize@SoWinComponent@@QAEXVSbVec2s@@@Z)
Display.obj : error LNK2001: unresolved external symbol "__declspec(dllimport) public: virtual void __thiscall SoWinComponent::hide(void)" (__imp_?hide@SoWinComponent@@UAEXXZ)
Display.obj : error LNK2001: unresolved external symbol "__declspec(dllimport) public: virtual void __thiscall SoWinComponent::show(void)" (__imp_?show@SoWinComponent@@UAEXXZ)
Display.obj : error LNK2001: unresolved external symbol "__declspec(dllimport) protected: virtual char const * __thiscall SoBase::getFileFormatName(void)const " (__imp_?getFileFormatName@SoBase@@MBEPBDXZ)
Display.obj : error LNK2001: unresolved external symbol "__declspec(dllimport) protected: virtual void __thiscall SoBase::destroy(void)" (__imp_?destroy@SoBase@@MAEXXZ)
Display.obj : error LNK2001: unresolved external symbol "__declspec(dllimport) public: virtual void __thiscall SoBase::setName(class SbName const &)" (__imp_?setName@SoBase@@UAEXABVSbName@@@Z)
Display.obj : error LNK2001: unresolved external symbol "__declspec(dllimport) public: virtual class SbName __thiscall SoBase::getName(void)const " (__imp_?getName@SoBase@@UBE?AVSbName@@XZ)
Display.obj : error LNK2001: unresolved external symbol "__declspec(dllimport) public: void __thiscall SoBase::unref(void)const " (__imp_?unref@SoBase@@QBEXXZ)
Display.obj : error LNK2001: unresolved external symbol "__declspec(dllimport) public: void __thiscall SoBase::ref(void)const " (__imp_?ref@SoBase@@QBEXXZ)
Display.obj : error LNK2001: unresolved external symbol "__declspec(dllimport) protected: virtual void __thiscall SoWinExaminerViewer::afterRealizeHook(void)" (__imp_?afterRealizeHook@SoWinExaminerViewer@@MAEXXZ)
Display.obj : error LNK2001: unresolved external symbol "__declspec(dllimport) protected: virtual void __thiscall SoWinExaminerViewer::actualRedraw(void)" (__imp_?actualRedraw@SoWinExaminerViewer@@MAEXXZ)
Display.obj : error LNK2001: unresolved external symbol "__declspec(dllimport) protected: virtual void __thiscall SoWinExaminerViewer::setSeekMode(int)" (__imp_?setSeekMode@SoWinExaminerViewer@@MAEXH@Z)
Display.obj : error LNK2001: unresolved external symbol "__declspec(dllimport) protected: virtual int __thiscall SoWinExaminerViewer::processSoEvent(class SoEvent const * const)" (__imp_?processSoEvent@SoWinExaminerViewer@@MAEHQBVSoEvent@@@Z)
Display.obj : error LNK2001: unresolved external symbol "__declspec(dllimport) protected: virtual char const * __thiscall SoWinExaminerViewer::getDefaultIconTitle(void)const " (__imp_?getDefaultIconTitle@SoWinExaminerViewer@@MBEPBDXZ)
Display.obj : error LNK2001: unresolved external symbol "__declspec(dllimport) protected: virtual char const * __thiscall SoWinExaminerViewer::getDefaultTitle(void)const " (__imp_?getDefaultTitle@SoWinExaminerViewer@@MBEPBDXZ)
Display.obj : error LNK2001: unresolved external symbol "__declspec(dllimport) protected: virtual char const * __thiscall SoWinExaminerViewer::getDefaultWidgetName(void)const " (__imp_?getDefaultWidgetName@SoWinExaminerViewer@@MBEPBDXZ)
Display.obj : error LNK2001: unresolved external symbol "__declspec(dllimport) protected: virtual void __thiscall SoWinExaminerViewer::createViewerButtons(struct HWND__ *,class SbPList *)" (__imp_?createViewerButtons@SoWinExaminerViewer@@MAEXPAUHWND__@@PAVSbPList@@@Z)
Display.obj : error LNK2001: unresolved external symbol "__declspec(dllimport) protected: virtual void __thiscall SoWinExaminerViewer::rightWheelMotion(float)" (__imp_?rightWheelMotion@SoWinExaminerViewer@@MAEXM@Z)
Display.obj : error LNK2001: unresolved external symbol "__declspec(dllimport) protected: virtual void __thiscall SoWinExaminerViewer::bottomWheelMotion(float)" (__imp_?bottomWheelMotion@SoWinExaminerViewer@@MAEXM@Z)
Display.obj : error LNK2001: unresolved external symbol "__declspec(dllimport) protected: virtual void __thiscall SoWinExaminerViewer::leftWheelMotion(float)" (__imp_?leftWheelMotion@SoWinExaminerViewer@@MAEXM@Z)
Display.obj : error LNK2001: unresolved external symbol "__declspec(dllimport) public: virtual void __thiscall SoWinExaminerViewer::setCursorEnabled(int)" (__imp_?setCursorEnabled@SoWinExaminerViewer@@UAEXH@Z)
Display.obj : error LNK2001: unresolved external symbol "__declspec(dllimport) public: virtual void __thiscall SoWinExaminerViewer::setCamera(class SoCamera *)" (__imp_?setCamera@SoWinExaminerViewer@@UAEXPAVSoCamera@@@Z)
Display.obj : error LNK2001: unresolved external symbol "__declspec(dllimport) public: virtual void __thiscall SoWinExaminerViewer::setViewing(int)" (__imp_?setViewing@SoWinExaminerViewer@@UAEXH@Z)
Display.obj : error LNK2001: unresolved external symbol "__declspec(dllimport) public: virtual __thiscall SoWinExaminerViewer::~SoWinExaminerViewer(void)" (__imp_??1SoWinExaminerViewer@@UAE@XZ)
Display.obj : error LNK2001: unresolved external symbol "__declspec(dllimport) public: __thiscall SoWinExaminerViewer::SoWinExaminerViewer(struct HWND__ *,char const *,int,enum SoWinFullViewer::BuildFlag,enum SoWinViewer::Type)" (__imp_??0SoWinExaminerViewer@@QAE@PAUHWND__@@PBDHW4BuildFlag@SoWinFullViewer@@W4Type@SoWinViewer@@@Z)
Display.obj : error LNK2001: unresolved external symbol "__declspec(dllimport) public: virtual class SoType __thiscall SoWinExaminerViewer::getTypeId(void)const " (__imp_?getTypeId@SoWinExaminerViewer@@UBE?AVSoType@@XZ)
Display.obj : error LNK2001: unresolved external symbol "__declspec(dllimport) public: static void __cdecl SoWin::show(struct HWND__ * const)" (__imp_?show@SoWin@@SAXQAUHWND__@@@Z)
Display.obj : error LNK2001: unresolved external symbol "__declspec(dllimport) public: static void __cdecl SoWin::exitMainLoop(void)" (__imp_?exitMainLoop@SoWin@@SAXXZ)
Display.obj : error LNK2001: unresolved external symbol "__declspec(dllimport) public: static void __cdecl SoWin::mainLoop(void)" (__imp_?mainLoop@SoWin@@SAXXZ)
Display.obj : error LNK2001: unresolved external symbol "__declspec(dllimport) public: static struct HWND__ * __cdecl SoWin::init(char const *,char const *)" (__imp_?init@SoWin@@SAPAUHWND__@@PBD0@Z)
Mesh.obj : error LNK2001: unresolved external symbol "__declspec(dllimport) public: __thiscall SbVec3f::SbVec3f(void)" (__imp_??0SbVec3f@@QAE@XZ)
Painter.obj : error LNK2001: unresolved external symbol "__declspec(dllimport) protected: virtual int __thiscall SoVertexShape::shouldGLRender(class SoGLRenderAction *)" (__imp_?shouldGLRender@SoVertexShape@@MAEHPAVSoGLRenderAction@@@Z)
Painter.obj : error LNK2001: unresolved external symbol "__declspec(dllimport) public: virtual void __thiscall SoVertexShape::write(class SoWriteAction *)" (__imp_?write@SoVertexShape@@UAEXPAVSoWriteAction@@@Z)
Painter.obj : error LNK2001: unresolved external symbol "__declspec(dllimport) public: virtual void __thiscall SoVertexShape::notify(class SoNotList *)" (__imp_?notify@SoVertexShape@@UAEXPAVSoNotList@@@Z)
Painter.obj : error LNK2001: unresolved external symbol "__declspec(dllimport) protected: virtual int __thiscall SoPointSet::generateDefaultNormals(class SoState *,class SoNormalCache *)" (__imp_?generateDefaultNormals@SoPointSet@@MAEHPAVSoState@@PAVSoNormalCache@@@Z)
Painter.obj : error LNK2001: unresolved external symbol "__declspec(dllimport) protected: virtual int __thiscall SoPointSet::generateDefaultNormals(class SoState *,class SoNormalBundle *)" (__imp_?generateDefaultNormals@SoPointSet@@MAEHPAVSoState@@PAVSoNormalBundle@@@Z)
Painter.obj : error LNK2001: unresolved external symbol "__declspec(dllimport) protected: virtual void __thiscall SoPointSet::computeBBox(class SoAction *,class SbBox3f &,class SbVec3f &)" (__imp_?computeBBox@SoPointSet@@MAEXPAVSoAction@@AAVSbBox3f@@AAVSbVec3f@@@Z)
Painter.obj : error LNK2001: unresolved external symbol "__declspec(dllimport) protected: virtual void __thiscall SoPointSet::generatePrimitives(class SoAction *)" (__imp_?generatePrimitives@SoPointSet@@MAEXPAVSoAction@@@Z)
Painter.obj : error LNK2001: unresolved external symbol "__declspec(dllimport) protected: virtual __thiscall SoPointSet::~SoPointSet(void)" (__imp_??1SoPointSet@@MAE@XZ)
Painter.obj : error LNK2001: unresolved external symbol "__declspec(dllimport) public: virtual void __thiscall SoPointSet::getPrimitiveCount(class SoGetPrimitiveCountAction *)" (__imp_?getPrimitiveCount@SoPointSet@@UAEXPAVSoGetPrimitiveCountAction@@@Z)
Painter.obj : error LNK2001: unresolved external symbol "__declspec(dllimport) public: virtual void __thiscall SoPointSet::getBoundingBox(class SoGetBoundingBoxAction *)" (__imp_?getBoundingBox@SoPointSet@@UAEXPAVSoGetBoundingBoxAction@@@Z)
Painter.obj : error LNK2001: unresolved external symbol "__declspec(dllimport) public: virtual void __thiscall SoPointSet::GLRender(class SoGLRenderAction *)" (__imp_?GLRender@SoPointSet@@UAEXPAVSoGLRenderAction@@@Z)
Painter.obj : error LNK2001: unresolved external symbol "__declspec(dllimport) public: __thiscall SoPointSet::SoPointSet(void)" (__imp_??0SoPointSet@@QAE@XZ)
Painter.obj : error LNK2001: unresolved external symbol "__declspec(dllimport) protected: virtual class SoFieldData const * __thiscall SoPointSet::getFieldData(void)const " (__imp_?getFieldData@SoPointSet@@MBEPBVSoFieldData@@XZ)
Painter.obj : error LNK2001: unresolved external symbol "__declspec(dllimport) public: virtual class SoType __thiscall SoPointSet::getTypeId(void)const " (__imp_?getTypeId@SoPointSet@@UBE?AVSoType@@XZ)
Painter.obj : error LNK2001: unresolved external symbol "__declspec(dllimport) protected: virtual void __thiscall SoText2::computeBBox(class SoAction *,class SbBox3f &,class SbVec3f &)" (__imp_?computeBBox@SoText2@@MAEXPAVSoAction@@AAVSbBox3f@@AAVSbVec3f@@@Z)
Painter.obj : error LNK2001: unresolved external symbol "__declspec(dllimport) protected: virtual void __thiscall SoText2::generatePrimitives(class SoAction *)" (__imp_?generatePrimitives@SoText2@@MAEXPAVSoAction@@@Z)
Painter.obj : error LNK2001: unresolved external symbol "__declspec(dllimport) protected: virtual __thiscall SoText2::~SoText2(void)" (__imp_??1SoText2@@MAE@XZ)
Painter.obj : error LNK2001: unresolved external symbol "__declspec(dllimport) public: virtual void __thiscall SoText2::getPrimitiveCount(class SoGetPrimitiveCountAction *)" (__imp_?getPrimitiveCount@SoText2@@UAEXPAVSoGetPrimitiveCountAction@@@Z)
Painter.obj : error LNK2001: unresolved external symbol "__declspec(dllimport) public: virtual void __thiscall SoText2::rayPick(class SoRayPickAction *)" (__imp_?rayPick@SoText2@@UAEXPAVSoRayPickAction@@@Z)
Painter.obj : error LNK2001: unresolved external symbol "__declspec(dllimport) public: virtual void __thiscall SoText2::GLRender(class SoGLRenderAction *)" (__imp_?GLRender@SoText2@@UAEXPAVSoGLRenderAction@@@Z)
Painter.obj : error LNK2001: unresolved external symbol "__declspec(dllimport) public: __thiscall SoText2::SoText2(void)" (__imp_??0SoText2@@QAE@XZ)
Painter.obj : error LNK2001: unresolved external symbol "__declspec(dllimport) protected: virtual class SoFieldData const * __thiscall SoText2::getFieldData(void)const " (__imp_?getFieldData@SoText2@@MBEPBVSoFieldData@@XZ)
Painter.obj : error LNK2001: unresolved external symbol "__declspec(dllimport) public: virtual class SoType __thiscall SoText2::getTypeId(void)const " (__imp_?getTypeId@SoText2@@UBE?AVSoType@@XZ)
Painter.obj : error LNK2001: unresolved external symbol "__declspec(dllimport) protected: virtual class SoDetail * __thiscall SoShape::createPointDetail(class SoRayPickAction *,class SoPrimitiveVertex const *,class SoPickedPoint *)" (__imp_?createPointDetail@SoShape@@MAEPAVSoDetail@@PAVSoRayPickAction@@PBVSoPrimitiveVertex@@PAVSoPickedPoint@@@Z)
Painter.obj : error LNK2001: unresolved external symbol "__declspec(dllimport) protected: virtual class SoDetail * __thiscall SoShape::createLineSegmentDetail(class SoRayPickAction *,class SoPrimitiveVertex const *,class SoPrimitiveVertex const *,class SoPickedPoint *)" (__imp_?createLineSegmentDetail@SoShape@@MAEPAVSoDetail@@PAVSoRayPickAction@@PBVSoPrimitiveVertex@@1PAVSoPickedPoint@@@Z)
Painter.obj : error LNK2001: unresolved external symbol "__declspec(dllimport) protected: virtual class SoDetail * __thiscall SoShape::createTriangleDetail(class SoRayPickAction *,class SoPrimitiveVertex const *,class SoPrimitiveVertex const *,class SoPrimitiveVertex const *,class SoPickedPoint *)" (__imp_?createTriangleDetail@SoShape@@MAEPAVSoDetail@@PAVSoRayPickAction@@PBVSoPrimitiveVertex@@11PAVSoPickedPoint@@@Z)
Painter.obj : error LNK2001: unresolved external symbol "__declspec(dllimport) protected: virtual int __thiscall SoShape::shouldGLRender(class SoGLRenderAction *)" (__imp_?shouldGLRender@SoShape@@MAEHPAVSoGLRenderAction@@@Z)
Painter.obj : error LNK2001: unresolved external symbol "__declspec(dllimport) public: virtual void __thiscall SoShape::callback(class SoCallbackAction *)" (__imp_?callback@SoShape@@UAEXPAVSoCallbackAction@@@Z)
Painter.obj : error LNK2001: unresolved external symbol "__declspec(dllimport) public: virtual void __thiscall SoShape::rayPick(class SoRayPickAction *)" (__imp_?rayPick@SoShape@@UAEXPAVSoRayPickAction@@@Z)
Painter.obj : error LNK2001: unresolved external symbol "__declspec(dllimport) public: virtual void __thiscall SoShape::getBoundingBox(class SoGetBoundingBoxAction *)" (__imp_?getBoundingBox@SoShape@@UAEXPAVSoGetBoundingBoxAction@@@Z)
Painter.obj : error LNK2001: unresolved external symbol "__declspec(dllimport) public: virtual void __thiscall SoShape::notify(class SoNotList *)" (__imp_?notify@SoShape@@UAEXPAVSoNotList@@@Z)
Painter.obj : error LNK2001: unresolved external symbol "__declspec(dllimport) public: virtual int __thiscall SoShape::affectsState(void)const " (__imp_?affectsState@SoShape@@UBEHXZ)
Painter.obj : error LNK2001: unresolved external symbol "__declspec(dllimport) public: __thiscall SbColor::SbColor(float,float,float)" (__imp_??0SbColor@@QAE@MMM@Z)
Painter.obj : error LNK2001: unresolved external symbol "__declspec(dllimport) protected: virtual __thiscall SoTransform::~SoTransform(void)" (__imp_??1SoTransform@@MAE@XZ)
Painter.obj : error LNK2001: unresolved external symbol "__declspec(dllimport) public: virtual void __thiscall SoTransform::getPrimitiveCount(class SoGetPrimitiveCountAction *)" (__imp_?getPrimitiveCount@SoTransform@@UAEXPAVSoGetPrimitiveCountAction@@@Z)
Painter.obj : error LNK2001: unresolved external symbol "__declspec(dllimport) public: virtual void __thiscall SoTransform::pick(class SoPickAction *)" (__imp_?pick@SoTransform@@UAEXPAVSoPickAction@@@Z)
Painter.obj : error LNK2001: unresolved external symbol "__declspec(dllimport) public: virtual void __thiscall SoTransform::getMatrix(class SoGetMatrixAction *)" (__imp_?getMatrix@SoTransform@@UAEXPAVSoGetMatrixAction@@@Z)
Painter.obj : error LNK2001: unresolved external symbol "__declspec(dllimport) public: virtual void __thiscall SoTransform::getBoundingBox(class SoGetBoundingBoxAction *)" (__imp_?getBoundingBox@SoTransform@@UAEXPAVSoGetBoundingBoxAction@@@Z)
Painter.obj : error LNK2001: unresolved external symbol "__declspec(dllimport) public: virtual void __thiscall SoTransform::callback(class SoCallbackAction *)" (__imp_?callback@SoTransform@@UAEXPAVSoCallbackAction@@@Z)
Painter.obj : error LNK2001: unresolved external symbol "__declspec(dllimport) public: virtual void __thiscall SoTransform::GLRender(class SoGLRenderAction *)" (__imp_?GLRender@SoTransform@@UAEXPAVSoGLRenderAction@@@Z)
Painter.obj : error LNK2001: unresolved external symbol "__declspec(dllimport) public: virtual void __thiscall SoTransform::doAction(class SoAction *)" (__imp_?doAction@SoTransform@@UAEXPAVSoAction@@@Z)
Painter.obj : error LNK2001: unresolved external symbol "__declspec(dllimport) public: __thiscall SoTransform::SoTransform(void)" (__imp_??0SoTransform@@QAE@XZ)
Painter.obj : error LNK2001: unresolved external symbol "__declspec(dllimport) protected: virtual class SoFieldData const * __thiscall SoTransform::getFieldData(void)const " (__imp_?getFieldData@SoTransform@@MBEPBVSoFieldData@@XZ)
Painter.obj : error LNK2001: unresolved external symbol "__declspec(dllimport) public: virtual class SoType __thiscall SoTransform::getTypeId(void)const " (__imp_?getTypeId@SoTransform@@UBE?AVSoType@@XZ)
Painter.obj : error LNK2001: unresolved external symbol "__declspec(dllimport) class SbVec3f __cdecl operator+(class SbVec3f const &,class SbVec3f const &)" (__imp_??H@YA?AVSbVec3f@@ABV0@0@Z)
Painter.obj : error LNK2001: unresolved external symbol "__declspec(dllimport) private: virtual int __thiscall SoIndexedLineSet::generateDefaultNormals(class SoState *,class SoNormalBundle *)" (__imp_?generateDefaultNormals@SoIndexedLineSet@@EAEHPAVSoState@@PAVSoNormalBundle@@@Z)
Painter.obj : error LNK2001: unresolved external symbol "__declspec(dllimport) private: virtual int __thiscall SoIndexedLineSet::generateDefaultNormals(class SoState *,class SoNormalCache *)" (__imp_?generateDefaultNormals@SoIndexedLineSet@@EAEHPAVSoState@@PAVSoNormalCache@@@Z)
Painter.obj : error LNK2001: unresolved external symbol "__declspec(dllimport) private: virtual void __thiscall SoIndexedLineSet::generatePrimitives(class SoAction *)" (__imp_?generatePrimitives@SoIndexedLineSet@@EAEXPAVSoAction@@@Z)
Painter.obj : error LNK2001: unresolved external symbol "__declspec(dllimport) protected: virtual __thiscall SoIndexedLineSet::~SoIndexedLineSet(void)" (__imp_??1SoIndexedLineSet@@MAE@XZ)
Painter.obj : error LNK2001: unresolved external symbol "__declspec(dllimport) public: virtual void __thiscall SoIndexedLineSet::getPrimitiveCount(class SoGetPrimitiveCountAction *)" (__imp_?getPrimitiveCount@SoIndexedLineSet@@UAEXPAVSoGetPrimitiveCountAction@@@Z)
Painter.obj : error LNK2001: unresolved external symbol "__declspec(dllimport) public: virtual void __thiscall SoIndexedLineSet::getBoundingBox(class SoGetBoundingBoxAction *)" (__imp_?getBoundingBox@SoIndexedLineSet@@UAEXPAVSoGetBoundingBoxAction@@@Z)
Painter.obj : error LNK2001: unresolved external symbol "__declspec(dllimport) public: virtual void __thiscall SoIndexedLineSet::GLRender(class SoGLRenderAction *)" (__imp_?GLRender@SoIndexedLineSet@@UAEXPAVSoGLRenderAction@@@Z)
Painter.obj : error LNK2001: unresolved external symbol "__declspec(dllimport) public: __thiscall SoIndexedLineSet::SoIndexedLineSet(void)" (__imp_??0SoIndexedLineSet@@QAE@XZ)
Painter.obj : error LNK2001: unresolved external symbol "__declspec(dllimport) protected: virtual class SoFieldData const * __thiscall SoIndexedLineSet::getFieldData(void)const " (__imp_?getFieldData@SoIndexedLineSet@@MBEPBVSoFieldData@@XZ)
Painter.obj : error LNK2001: unresolved external symbol "__declspec(dllimport) public: virtual class SoType __thiscall SoIndexedLineSet::getTypeId(void)const " (__imp_?getTypeId@SoIndexedLineSet@@UBE?AVSoType@@XZ)
Painter.obj : error LNK2001: unresolved external symbol "__declspec(dllimport) public: void __thiscall SoMFVec3f::set1Value(int,class SbVec3f const &)" (__imp_?set1Value@SoMFVec3f@@QAEXHABVSbVec3f@@@Z)
Painter.obj : error LNK2001: unresolved external symbol "__declspec(dllimport) public: void __thiscall SoMFVec3f::set1Value(int,float,float,float)" (__imp_?set1Value@SoMFVec3f@@QAEXHMMM@Z)
Painter.obj : error LNK2001: unresolved external symbol "__declspec(dllimport) public: __thiscall SbVec3f::SbVec3f(float const * const)" (__imp_??0SbVec3f@@QAE@QBM@Z)
Painter.obj : error LNK2001: unresolved external symbol "__declspec(dllimport) public: __thiscall SbVec3f::SbVec3f(float,float,float)" (__imp_??0SbVec3f@@QAE@MMM@Z)
Painter.obj : error LNK2001: unresolved external symbol "__declspec(dllimport) protected: virtual int __thiscall SoNode::readInstance(class SoInput *,unsigned short)" (__imp_?readInstance@SoNode@@MAEHPAVSoInput@@G@Z)
Painter.obj : error LNK2001: unresolved external symbol "__declspec(dllimport) public: virtual void __thiscall SoNode::copyContents(class SoFieldContainer const *,int)" (__imp_?copyContents@SoNode@@UAEXPBVSoFieldContainer@@H@Z)
Painter.obj : error LNK2001: unresolved external symbol "__declspec(dllimport) public: virtual class SoChildList * __thiscall SoNode::getChildren(void)const " (__imp_?getChildren@SoNode@@UBEPAVSoChildList@@XZ)
Painter.obj : error LNK2001: unresolved external symbol "__declspec(dllimport) public: virtual void __thiscall SoNode::notify(class SoNotList *)" (__imp_?notify@SoNode@@UAEXPAVSoNotList@@@Z)
Painter.obj : error LNK2001: unresolved external symbol "__declspec(dllimport) public: virtual void __thiscall SoNode::getPrimitiveCount(class SoGetPrimitiveCountAction *)" (__imp_?getPrimitiveCount@SoNode@@UAEXPAVSoGetPrimitiveCountAction@@@Z)
Painter.obj : error LNK2001: unresolved external symbol "__declspec(dllimport) public: virtual void __thiscall SoNode::audioRender(class SoAudioRenderAction *)" (__imp_?audioRender@SoNode@@UAEXPAVSoAudioRenderAction@@@Z)
Painter.obj : error LNK2001: unresolved external symbol "__declspec(dllimport) public: virtual void __thiscall SoNode::write(class SoWriteAction *)" (__imp_?write@SoNode@@UAEXPAVSoWriteAction@@@Z)
Painter.obj : error LNK2001: unresolved external symbol "__declspec(dllimport) public: virtual void __thiscall SoNode::search(class SoSearchAction *)" (__imp_?search@SoNode@@UAEXPAVSoSearchAction@@@Z)
Painter.obj : error LNK2001: unresolved external symbol "__declspec(dllimport) public: virtual void __thiscall SoNode::rayPick(class SoRayPickAction *)" (__imp_?rayPick@SoNode@@UAEXPAVSoRayPickAction@@@Z)
Painter.obj : error LNK2001: unresolved external symbol "__declspec(dllimport) public: virtual void __thiscall SoNode::pick(class SoPickAction *)" (__imp_?pick@SoNode@@UAEXPAVSoPickAction@@@Z)
Painter.obj : error LNK2001: unresolved external symbol "__declspec(dllimport) public: virtual void __thiscall SoNode::handleEvent(class SoHandleEventAction *)" (__imp_?handleEvent@SoNode@@UAEXPAVSoHandleEventAction@@@Z)
Painter.obj : error LNK2001: unresolved external symbol "__declspec(dllimport) public: virtual void __thiscall SoNode::getMatrix(class SoGetMatrixAction *)" (__imp_?getMatrix@SoNode@@UAEXPAVSoGetMatrixAction@@@Z)
Painter.obj : error LNK2001: unresolved external symbol "__declspec(dllimport) public: virtual void __thiscall SoNode::getBoundingBox(class SoGetBoundingBoxAction *)" (__imp_?getBoundingBox@SoNode@@UAEXPAVSoGetBoundingBoxAction@@@Z)
Painter.obj : error LNK2001: unresolved external symbol "__declspec(dllimport) public: virtual void __thiscall SoNode::GLRenderOffPath(class SoGLRenderAction *)" (__imp_?GLRenderOffPath@SoNode@@UAEXPAVSoGLRenderAction@@@Z)
Painter.obj : error LNK2001: unresolved external symbol "__declspec(dllimport) public: virtual void __thiscall SoNode::GLRenderInPath(class SoGLRenderAction *)" (__imp_?GLRenderInPath@SoNode@@UAEXPAVSoGLRenderAction@@@Z)
Painter.obj : error LNK2001: unresolved external symbol "__declspec(dllimport) public: virtual void __thiscall SoNode::GLRenderBelowPath(class SoGLRenderAction *)" (__imp_?GLRenderBelowPath@SoNode@@UAEXPAVSoGLRenderAction@@@Z)
Painter.obj : error LNK2001: unresolved external symbol "__declspec(dllimport) public: virtual void __thiscall SoNode::doAction(class SoAction *)" (__imp_?doAction@SoNode@@UAEXPAVSoAction@@@Z)
Painter.obj : error LNK2001: unresolved external symbol "__declspec(dllimport) public: virtual int __thiscall SoNode::affectsState(void)const " (__imp_?affectsState@SoNode@@UBEHXZ)
Painter.obj : error LNK2001: unresolved external symbol "__declspec(dllimport) protected: virtual void __thiscall SoMaterial::notify(class SoNotList *)" (__imp_?notify@SoMaterial@@MAEXPAVSoNotList@@@Z)
Painter.obj : error LNK2001: unresolved external symbol "__declspec(dllimport) protected: virtual __thiscall SoMaterial::~SoMaterial(void)" (__imp_??1SoMaterial@@MAE@XZ)
Painter.obj : error LNK2001: unresolved external symbol "__declspec(dllimport) public: virtual void __thiscall SoMaterial::callback(class SoCallbackAction *)" (__imp_?callback@SoMaterial@@UAEXPAVSoCallbackAction@@@Z)
Painter.obj : error LNK2001: unresolved external symbol "__declspec(dllimport) public: virtual void __thiscall SoMaterial::GLRender(class SoGLRenderAction *)" (__imp_?GLRender@SoMaterial@@UAEXPAVSoGLRenderAction@@@Z)
Painter.obj : error LNK2001: unresolved external symbol "__declspec(dllimport) public: virtual void __thiscall SoMaterial::doAction(class SoAction *)" (__imp_?doAction@SoMaterial@@UAEXPAVSoAction@@@Z)
Painter.obj : error LNK2001: unresolved external symbol "__declspec(dllimport) public: __thiscall SoMaterial::SoMaterial(void)" (__imp_??0SoMaterial@@QAE@XZ)
Painter.obj : error LNK2001: unresolved external symbol "__declspec(dllimport) protected: virtual class SoFieldData const * __thiscall SoMaterial::getFieldData(void)const " (__imp_?getFieldData@SoMaterial@@MBEPBVSoFieldData@@XZ)
Painter.obj : error LNK2001: unresolved external symbol "__declspec(dllimport) public: virtual class SoType __thiscall SoMaterial::getTypeId(void)const " (__imp_?getTypeId@SoMaterial@@UBE?AVSoType@@XZ)
Painter.obj : error LNK2001: unresolved external symbol "__declspec(dllimport) public: void __thiscall SoSFVec3f::setValue(float,float,float)" (__imp_?setValue@SoSFVec3f@@QAEXMMM@Z)
Painter.obj : error LNK2001: unresolved external symbol "__declspec(dllimport) protected: virtual void __thiscall SoIndexedShape::computeBBox(class SoAction *,class SbBox3f &,class SbVec3f &)" (__imp_?computeBBox@SoIndexedShape@@MAEXPAVSoAction@@AAVSbBox3f@@AAVSbVec3f@@@Z)
Painter.obj : error LNK2001: unresolved external symbol "__declspec(dllimport) protected: virtual __thiscall SoMaterialBinding::~SoMaterialBinding(void)" (__imp_??1SoMaterialBinding@@MAE@XZ)
Painter.obj : error LNK2001: unresolved external symbol "__declspec(dllimport) public: virtual void __thiscall SoMaterialBinding::getPrimitiveCount(class SoGetPrimitiveCountAction *)" (__imp_?getPrimitiveCount@SoMaterialBinding@@UAEXPAVSoGetPrimitiveCountAction@@@Z)
Painter.obj : error LNK2001: unresolved external symbol "__declspec(dllimport) public: virtual void __thiscall SoMaterialBinding::pick(class SoPickAction *)" (__imp_?pick@SoMaterialBinding@@UAEXPAVSoPickAction@@@Z)
Painter.obj : error LNK2001: unresolved external symbol "__declspec(dllimport) public: virtual void __thiscall SoMaterialBinding::callback(class SoCallbackAction *)" (__imp_?callback@SoMaterialBinding@@UAEXPAVSoCallbackAction@@@Z)
Painter.obj : error LNK2001: unresolved external symbol "__declspec(dllimport) public: virtual void __thiscall SoMaterialBinding::GLRender(class SoGLRenderAction *)" (__imp_?GLRender@SoMaterialBinding@@UAEXPAVSoGLRenderAction@@@Z)
Painter.obj : error LNK2001: unresolved external symbol "__declspec(dllimport) public: virtual void __thiscall SoMaterialBinding::doAction(class SoAction *)" (__imp_?doAction@SoMaterialBinding@@UAEXPAVSoAction@@@Z)
Painter.obj : error LNK2001: unresolved external symbol "__declspec(dllimport) public: __thiscall SoMaterialBinding::SoMaterialBinding(void)" (__imp_??0SoMaterialBinding@@QAE@XZ)
Painter.obj : error LNK2001: unresolved external symbol "__declspec(dllimport) protected: virtual class SoFieldData const * __thiscall SoMaterialBinding::getFieldData(void)const " (__imp_?getFieldData@SoMaterialBinding@@MBEPBVSoFieldData@@XZ)
Painter.obj : error LNK2001: unresolved external symbol "__declspec(dllimport) public: virtual class SoType __thiscall SoMaterialBinding::getTypeId(void)const " (__imp_?getTypeId@SoMaterialBinding@@UBE?AVSoType@@XZ)
Painter.obj : error LNK2001: unresolved external symbol "__declspec(dllimport) private: virtual void __thiscall SoIndexedFaceSet::notify(class SoNotList *)" (__imp_?notify@SoIndexedFaceSet@@EAEXPAVSoNotList@@@Z)
Painter.obj : error LNK2001: unresolved external symbol "__declspec(dllimport) protected: virtual void __thiscall SoIndexedFaceSet::generatePrimitives(class SoAction *)" (__imp_?generatePrimitives@SoIndexedFaceSet@@MAEXPAVSoAction@@@Z)
Painter.obj : error LNK2001: unresolved external symbol "__declspec(dllimport) protected: virtual __thiscall SoIndexedFaceSet::~SoIndexedFaceSet(void)" (__imp_??1SoIndexedFaceSet@@MAE@XZ)
Painter.obj : error LNK2001: unresolved external symbol "__declspec(dllimport) public: virtual int __thiscall SoIndexedFaceSet::generateDefaultNormals(class SoState *,class SoNormalBundle *)" (__imp_?generateDefaultNormals@SoIndexedFaceSet@@UAEHPAVSoState@@PAVSoNormalBundle@@@Z)
Painter.obj : error LNK2001: unresolved external symbol "__declspec(dllimport) public: virtual int __thiscall SoIndexedFaceSet::generateDefaultNormals(class SoState *,class SoNormalCache *)" (__imp_?generateDefaultNormals@SoIndexedFaceSet@@UAEHPAVSoState@@PAVSoNormalCache@@@Z)
Painter.obj : error LNK2001: unresolved external symbol "__declspec(dllimport) public: virtual void __thiscall SoIndexedFaceSet::getPrimitiveCount(class SoGetPrimitiveCountAction *)" (__imp_?getPrimitiveCount@SoIndexedFaceSet@@UAEXPAVSoGetPrimitiveCountAction@@@Z)
Painter.obj : error LNK2001: unresolved external symbol "__declspec(dllimport) public: virtual void __thiscall SoIndexedFaceSet::GLRender(class SoGLRenderAction *)" (__imp_?GLRender@SoIndexedFaceSet@@UAEXPAVSoGLRenderAction@@@Z)
Painter.obj : error LNK2001: unresolved external symbol "__declspec(dllimport) public: __thiscall SoIndexedFaceSet::SoIndexedFaceSet(void)" (__imp_??0SoIndexedFaceSet@@QAE@XZ)
Painter.obj : error LNK2001: unresolved external symbol "__declspec(dllimport) protected: virtual class SoFieldData const * __thiscall SoIndexedFaceSet::getFieldData(void)const " (__imp_?getFieldData@SoIndexedFaceSet@@MBEPBVSoFieldData@@XZ)
Painter.obj : error LNK2001: unresolved external symbol "__declspec(dllimport) public: virtual class SoType __thiscall SoIndexedFaceSet::getTypeId(void)const " (__imp_?getTypeId@SoIndexedFaceSet@@UBE?AVSoType@@XZ)
Painter.obj : error LNK2001: unresolved external symbol "__declspec(dllimport) protected: virtual void __thiscall SoSphere::computeBBox(class SoAction *,class SbBox3f &,class SbVec3f &)" (__imp_?computeBBox@SoSphere@@MAEXPAVSoAction@@AAVSbBox3f@@AAVSbVec3f@@@Z)
Painter.obj : error LNK2001: unresolved external symbol "__declspec(dllimport) protected: virtual void __thiscall SoSphere::generatePrimitives(class SoAction *)" (__imp_?generatePrimitives@SoSphere@@MAEXPAVSoAction@@@Z)
Painter.obj : error LNK2001: unresolved external symbol "__declspec(dllimport) protected: virtual __thiscall SoSphere::~SoSphere(void)" (__imp_??1SoSphere@@MAE@XZ)
Painter.obj : error LNK2001: unresolved external symbol "__declspec(dllimport) public: virtual void __thiscall SoSphere::getPrimitiveCount(class SoGetPrimitiveCountAction *)" (__imp_?getPrimitiveCount@SoSphere@@UAEXPAVSoGetPrimitiveCountAction@@@Z)
Painter.obj : error LNK2001: unresolved external symbol "__declspec(dllimport) public: virtual void __thiscall SoSphere::rayPick(class SoRayPickAction *)" (__imp_?rayPick@SoSphere@@UAEXPAVSoRayPickAction@@@Z)
Painter.obj : error LNK2001: unresolved external symbol "__declspec(dllimport) public: virtual void __thiscall SoSphere::GLRender(class SoGLRenderAction *)" (__imp_?GLRender@SoSphere@@UAEXPAVSoGLRenderAction@@@Z)
Painter.obj : error LNK2001: unresolved external symbol "__declspec(dllimport) public: __thiscall SoSphere::SoSphere(void)" (__imp_??0SoSphere@@QAE@XZ)
Painter.obj : error LNK2001: unresolved external symbol "__declspec(dllimport) protected: virtual class SoFieldData const * __thiscall SoSphere::getFieldData(void)const " (__imp_?getFieldData@SoSphere@@MBEPBVSoFieldData@@XZ)
Painter.obj : error LNK2001: unresolved external symbol "__declspec(dllimport) public: virtual class SoType __thiscall SoSphere::getTypeId(void)const " (__imp_?getTypeId@SoSphere@@UBE?AVSoType@@XZ)
Painter.obj : error LNK2001: unresolved external symbol "__declspec(dllimport) protected: virtual __thiscall SoFont::~SoFont(void)" (__imp_??1SoFont@@MAE@XZ)
Painter.obj : error LNK2001: unresolved external symbol "__declspec(dllimport) public: virtual void __thiscall SoFont::getPrimitiveCount(class SoGetPrimitiveCountAction *)" (__imp_?getPrimitiveCount@SoFont@@UAEXPAVSoGetPrimitiveCountAction@@@Z)
Painter.obj : error LNK2001: unresolved external symbol "__declspec(dllimport) public: virtual void __thiscall SoFont::pick(class SoPickAction *)" (__imp_?pick@SoFont@@UAEXPAVSoPickAction@@@Z)
Painter.obj : error LNK2001: unresolved external symbol "__declspec(dllimport) public: virtual void __thiscall SoFont::callback(class SoCallbackAction *)" (__imp_?callback@SoFont@@UAEXPAVSoCallbackAction@@@Z)
Painter.obj : error LNK2001: unresolved external symbol "__declspec(dllimport) public: virtual void __thiscall SoFont::GLRender(class SoGLRenderAction *)" (__imp_?GLRender@SoFont@@UAEXPAVSoGLRenderAction@@@Z)
Painter.obj : error LNK2001: unresolved external symbol "__declspec(dllimport) public: virtual void __thiscall SoFont::getBoundingBox(class SoGetBoundingBoxAction *)" (__imp_?getBoundingBox@SoFont@@UAEXPAVSoGetBoundingBoxAction@@@Z)
Painter.obj : error LNK2001: unresolved external symbol "__declspec(dllimport) public: virtual void __thiscall SoFont::doAction(class SoAction *)" (__imp_?doAction@SoFont@@UAEXPAVSoAction@@@Z)
Painter.obj : error LNK2001: unresolved external symbol "__declspec(dllimport) public: __thiscall SoFont::SoFont(void)" (__imp_??0SoFont@@QAE@XZ)
Painter.obj : error LNK2001: unresolved external symbol "__declspec(dllimport) protected: virtual class SoFieldData const * __thiscall SoFont::getFieldData(void)const " (__imp_?getFieldData@SoFont@@MBEPBVSoFieldData@@XZ)
Painter.obj : error LNK2001: unresolved external symbol "__declspec(dllimport) public: virtual class SoType __thiscall SoFont::getTypeId(void)const " (__imp_?getTypeId@SoFont@@UBE?AVSoType@@XZ)
Painter.obj : error LNK2001: unresolved external symbol "__declspec(dllimport) protected: virtual __thiscall SoDrawStyle::~SoDrawStyle(void)" (__imp_??1SoDrawStyle@@MAE@XZ)
Painter.obj : error LNK2001: unresolved external symbol "__declspec(dllimport) public: virtual void __thiscall SoDrawStyle::callback(class SoCallbackAction *)" (__imp_?callback@SoDrawStyle@@UAEXPAVSoCallbackAction@@@Z)
Painter.obj : error LNK2001: unresolved external symbol "__declspec(dllimport) public: virtual void __thiscall SoDrawStyle::GLRender(class SoGLRenderAction *)" (__imp_?GLRender@SoDrawStyle@@UAEXPAVSoGLRenderAction@@@Z)
Painter.obj : error LNK2001: unresolved external symbol "__declspec(dllimport) public: virtual void __thiscall SoDrawStyle::doAction(class SoAction *)" (__imp_?doAction@SoDrawStyle@@UAEXPAVSoAction@@@Z)
Painter.obj : error LNK2001: unresolved external symbol "__declspec(dllimport) public: __thiscall SoDrawStyle::SoDrawStyle(void)" (__imp_??0SoDrawStyle@@QAE@XZ)
Painter.obj : error LNK2001: unresolved external symbol "__declspec(dllimport) protected: virtual class SoFieldData const * __thiscall SoDrawStyle::getFieldData(void)const " (__imp_?getFieldData@SoDrawStyle@@MBEPBVSoFieldData@@XZ)
Painter.obj : error LNK2001: unresolved external symbol "__declspec(dllimport) public: virtual class SoType __thiscall SoDrawStyle::getTypeId(void)const " (__imp_?getTypeId@SoDrawStyle@@UBE?AVSoType@@XZ)
Painter.obj : error LNK2001: unresolved external symbol "__declspec(dllimport) public: void __thiscall SoSFFloat::setValue(float)" (__imp_?setValue@SoSFFloat@@QAEXM@Z)
Painter.obj : error LNK2001: unresolved external symbol "__declspec(dllimport) protected: virtual __thiscall SoTranslation::~SoTranslation(void)" (__imp_??1SoTranslation@@MAE@XZ)
Painter.obj : error LNK2001: unresolved external symbol "__declspec(dllimport) public: virtual void __thiscall SoTranslation::getPrimitiveCount(class SoGetPrimitiveCountAction *)" (__imp_?getPrimitiveCount@SoTranslation@@UAEXPAVSoGetPrimitiveCountAction@@@Z)
Painter.obj : error LNK2001: unresolved external symbol "__declspec(dllimport) public: virtual void __thiscall SoTranslation::pick(class SoPickAction *)" (__imp_?pick@SoTranslation@@UAEXPAVSoPickAction@@@Z)
Painter.obj : error LNK2001: unresolved external symbol "__declspec(dllimport) public: virtual void __thiscall SoTranslation::getMatrix(class SoGetMatrixAction *)" (__imp_?getMatrix@SoTranslation@@UAEXPAVSoGetMatrixAction@@@Z)
Painter.obj : error LNK2001: unresolved external symbol "__declspec(dllimport) public: virtual void __thiscall SoTranslation::getBoundingBox(class SoGetBoundingBoxAction *)" (__imp_?getBoundingBox@SoTranslation@@UAEXPAVSoGetBoundingBoxAction@@@Z)
Painter.obj : error LNK2001: unresolved external symbol "__declspec(dllimport) public: virtual void __thiscall SoTranslation::GLRender(class SoGLRenderAction *)" (__imp_?GLRender@SoTranslation@@UAEXPAVSoGLRenderAction@@@Z)
Painter.obj : error LNK2001: unresolved external symbol "__declspec(dllimport) public: virtual void __thiscall SoTranslation::callback(class SoCallbackAction *)" (__imp_?callback@SoTranslation@@UAEXPAVSoCallbackAction@@@Z)
Painter.obj : error LNK2001: unresolved external symbol "__declspec(dllimport) public: virtual void __thiscall SoTranslation::doAction(class SoAction *)" (__imp_?doAction@SoTranslation@@UAEXPAVSoAction@@@Z)
Painter.obj : error LNK2001: unresolved external symbol "__declspec(dllimport) public: __thiscall SoTranslation::SoTranslation(void)" (__imp_??0SoTranslation@@QAE@XZ)
Painter.obj : error LNK2001: unresolved external symbol "__declspec(dllimport) protected: virtual class SoFieldData const * __thiscall SoTranslation::getFieldData(void)const " (__imp_?getFieldData@SoTranslation@@MBEPBVSoFieldData@@XZ)
Painter.obj : error LNK2001: unresolved external symbol "__declspec(dllimport) public: virtual class SoType __thiscall SoTranslation::getTypeId(void)const " (__imp_?getTypeId@SoTranslation@@UBE?AVSoType@@XZ)
Painter.obj : error LNK2001: unresolved external symbol "__declspec(dllimport) protected: virtual __thiscall SoCoordinate3::~SoCoordinate3(void)" (__imp_??1SoCoordinate3@@MAE@XZ)
Painter.obj : error LNK2001: unresolved external symbol "__declspec(dllimport) public: virtual void __thiscall SoCoordinate3::getPrimitiveCount(class SoGetPrimitiveCountAction *)" (__imp_?getPrimitiveCount@SoCoordinate3@@UAEXPAVSoGetPrimitiveCountAction@@@Z)
Painter.obj : error LNK2001: unresolved external symbol "__declspec(dllimport) public: virtual void __thiscall SoCoordinate3::pick(class SoPickAction *)" (__imp_?pick@SoCoordinate3@@UAEXPAVSoPickAction@@@Z)
Painter.obj : error LNK2001: unresolved external symbol "__declspec(dllimport) public: virtual void __thiscall SoCoordinate3::getBoundingBox(class SoGetBoundingBoxAction *)" (__imp_?getBoundingBox@SoCoordinate3@@UAEXPAVSoGetBoundingBoxAction@@@Z)
Painter.obj : error LNK2001: unresolved external symbol "__declspec(dllimport) public: virtual void __thiscall SoCoordinate3::callback(class SoCallbackAction *)" (__imp_?callback@SoCoordinate3@@UAEXPAVSoCallbackAction@@@Z)
Painter.obj : error LNK2001: unresolved external symbol "__declspec(dllimport) public: virtual void __thiscall SoCoordinate3::GLRender(class SoGLRenderAction *)" (__imp_?GLRender@SoCoordinate3@@UAEXPAVSoGLRenderAction@@@Z)
Painter.obj : error LNK2001: unresolved external symbol "__declspec(dllimport) public: virtual void __thiscall SoCoordinate3::doAction(class SoAction *)" (__imp_?doAction@SoCoordinate3@@UAEXPAVSoAction@@@Z)
Painter.obj : error LNK2001: unresolved external symbol "__declspec(dllimport) public: __thiscall SoCoordinate3::SoCoordinate3(void)" (__imp_??0SoCoordinate3@@QAE@XZ)
Painter.obj : error LNK2001: unresolved external symbol "__declspec(dllimport) protected: virtual class SoFieldData const * __thiscall SoCoordinate3::getFieldData(void)const " (__imp_?getFieldData@SoCoordinate3@@MBEPBVSoFieldData@@XZ)
Painter.obj : error LNK2001: unresolved external symbol "__declspec(dllimport) public: virtual class SoType __thiscall SoCoordinate3::getTypeId(void)const " (__imp_?getTypeId@SoCoordinate3@@UBE?AVSoType@@XZ)
Painter.obj : error LNK2001: unresolved external symbol "__declspec(dllimport) public: void __thiscall SoMFColor::setValue(class SbColor const &)" (__imp_?setValue@SoMFColor@@QAEXABVSbColor@@@Z)
Painter.obj : error LNK2001: unresolved external symbol "__declspec(dllimport) public: void __thiscall SoMFColor::setValue(float,float,float)" (__imp_?setValue@SoMFColor@@QAEXMMM@Z)
Painter.obj : error LNK2001: unresolved external symbol "__declspec(dllimport) public: void __thiscall SoMFColor::set1Value(int,class SbVec3f const &)" (__imp_?set1Value@SoMFColor@@QAEXHABVSbVec3f@@@Z)
Painter.obj : error LNK2001: unresolved external symbol "__declspec(dllimport) public: void __thiscall SoMFColor::set1Value(int,float,float,float)" (__imp_?set1Value@SoMFColor@@QAEXHMMM@Z)
Painter.obj : error LNK2001: unresolved external symbol "__declspec(dllimport) public: void __thiscall SoMFInt32::set1Value(int,int)" (__imp_?set1Value@SoMFInt32@@QAEXHH@Z)
Painter.obj : error LNK2001: unresolved external symbol "__declspec(dllimport) protected: virtual __thiscall SoShapeHints::~SoShapeHints(void)" (__imp_??1SoShapeHints@@MAE@XZ)
Painter.obj : error LNK2001: unresolved external symbol "__declspec(dllimport) public: virtual void __thiscall SoShapeHints::pick(class SoPickAction *)" (__imp_?pick@SoShapeHints@@UAEXPAVSoPickAction@@@Z)
Painter.obj : error LNK2001: unresolved external symbol "__declspec(dllimport) public: virtual void __thiscall SoShapeHints::getBoundingBox(class SoGetBoundingBoxAction *)" (__imp_?getBoundingBox@SoShapeHints@@UAEXPAVSoGetBoundingBoxAction@@@Z)
Painter.obj : error LNK2001: unresolved external symbol "__declspec(dllimport) public: virtual void __thiscall SoShapeHints::callback(class SoCallbackAction *)" (__imp_?callback@SoShapeHints@@UAEXPAVSoCallbackAction@@@Z)
Painter.obj : error LNK2001: unresolved external symbol "__declspec(dllimport) public: virtual void __thiscall SoShapeHints::GLRender(class SoGLRenderAction *)" (__imp_?GLRender@SoShapeHints@@UAEXPAVSoGLRenderAction@@@Z)
Painter.obj : error LNK2001: unresolved external symbol "__declspec(dllimport) public: virtual void __thiscall SoShapeHints::doAction(class SoAction *)" (__imp_?doAction@SoShapeHints@@UAEXPAVSoAction@@@Z)
Painter.obj : error LNK2001: unresolved external symbol "__declspec(dllimport) public: __thiscall SoShapeHints::SoShapeHints(void)" (__imp_??0SoShapeHints@@QAE@XZ)
Painter.obj : error LNK2001: unresolved external symbol "__declspec(dllimport) protected: virtual class SoFieldData const * __thiscall SoShapeHints::getFieldData(void)const " (__imp_?getFieldData@SoShapeHints@@MBEPBVSoFieldData@@XZ)
Painter.obj : error LNK2001: unresolved external symbol "__declspec(dllimport) public: virtual class SoType __thiscall SoShapeHints::getTypeId(void)const " (__imp_?getTypeId@SoShapeHints@@UBE?AVSoType@@XZ)
Painter.obj : error LNK2001: unresolved external symbol "__declspec(dllimport) public: class SbString const & __thiscall SoMFString::operator=(class SbString const &)" (__imp_??4SoMFString@@QAEABVSbString@@ABV1@@Z)
Painter.obj : error LNK2001: unresolved external symbol "__declspec(dllimport) public: int __thiscall SoSFEnum::operator=(int)" (__imp_??4SoSFEnum@@QAEHH@Z)
Painter.obj : error LNK2001: unresolved external symbol "__declspec(dllimport) public: float __thiscall SoSFFloat::operator=(float)" (__imp_??4SoSFFloat@@QAEMM@Z)
Painter.obj : error LNK2001: unresolved external symbol "__declspec(dllimport) public: float & __thiscall SbVec3f::operator[](int)" (__imp_??ASbVec3f@@QAEAAMH@Z)
Painter.obj : error LNK2001: unresolved external symbol "__declspec(dllimport) public: __thiscall SbString::~SbString(void)" (__imp_??1SbString@@QAE@XZ)
Painter.obj : error LNK2001: unresolved external symbol "__declspec(dllimport) public: __thiscall SbString::SbString(char const *)" (__imp_??0SbString@@QAE@PBD@Z)
D:\others\_METU\ceng_metu\third_semester\CENG589 Digital Geometry Processing\term_project\term_project\Release\term_project.exe : fatal error LNK1120: 295 unresolved externals
